{"/home/travis/build/npmtest/node-npmtest-mapslice/test.js":{"path":"/home/travis/build/npmtest/node-npmtest-mapslice/test.js","s":{"1":2,"2":2,"3":2,"4":2,"5":2,"6":2,"7":2,"8":1,"9":2,"10":2,"11":1,"12":1,"13":1,"14":1,"15":2,"16":2,"17":2,"18":2,"19":1,"20":1,"21":2,"22":2,"23":2,"24":1,"25":1,"26":1,"27":1,"28":1,"29":1,"30":1,"31":1,"32":1,"33":1,"34":1,"35":1,"36":1,"37":1,"38":1,"39":2,"40":2,"41":1,"42":2,"43":2,"44":1,"45":2,"46":2,"47":1,"48":2,"49":2,"50":1,"51":1,"52":1,"53":1,"54":1},"b":{"1":[2,1,1,1],"2":[1,1,1,1],"3":[1,1],"4":[1,1],"5":[1,1],"6":[1,1],"7":[1,1],"8":[1,1],"9":[1,1],"10":[1,1,1],"11":[1,1],"12":[1,1],"13":[1,1],"14":[1,1],"15":[1,1],"16":[1,1],"17":[1,1]},"f":{"1":2,"2":2,"3":2,"4":2,"5":2,"6":1,"7":1,"8":1,"9":2,"10":2,"11":2,"12":2,"13":1},"fnMap":{"1":{"name":"(anonymous_1)","line":12,"loc":{"start":{"line":12,"column":1},"end":{"line":12,"column":13}}},"2":{"name":"(anonymous_2)","line":19,"loc":{"start":{"line":19,"column":5},"end":{"line":19,"column":17}}},"3":{"name":"(anonymous_3)","line":23,"loc":{"start":{"line":23,"column":24},"end":{"line":23,"column":36}}},"4":{"name":"(anonymous_4)","line":61,"loc":{"start":{"line":61,"column":5},"end":{"line":61,"column":17}}},"5":{"name":"(anonymous_5)","line":82,"loc":{"start":{"line":82,"column":5},"end":{"line":82,"column":17}}},"6":{"name":"(anonymous_6)","line":91,"loc":{"start":{"line":91,"column":77},"end":{"line":94,"column":10}}},"7":{"name":"(anonymous_7)","line":112,"loc":{"start":{"line":112,"column":83},"end":{"line":115,"column":10}},"skip":true},"8":{"name":"(anonymous_8)","line":123,"loc":{"start":{"line":123,"column":77},"end":{"line":126,"column":10}},"skip":true},"9":{"name":"(anonymous_9)","line":139,"loc":{"start":{"line":139,"column":12},"end":{"line":139,"column":40}},"skip":true},"10":{"name":"(anonymous_10)","line":147,"loc":{"start":{"line":147,"column":77},"end":{"line":150,"column":10}},"skip":true},"11":{"name":"(anonymous_11)","line":158,"loc":{"start":{"line":158,"column":83},"end":{"line":161,"column":10}},"skip":true},"12":{"name":"(anonymous_12)","line":169,"loc":{"start":{"line":169,"column":79},"end":{"line":172,"column":10}},"skip":true},"13":{"name":"(anonymous_13)","line":180,"loc":{"start":{"line":180,"column":75},"end":{"line":183,"column":10}},"skip":true}},"statementMap":{"1":{"start":{"line":12,"column":0},"end":{"line":195,"column":5}},"2":{"start":{"line":14,"column":4},"end":{"line":14,"column":14}},"3":{"start":{"line":19,"column":4},"end":{"line":56,"column":9}},"4":{"start":{"line":21,"column":8},"end":{"line":21,"column":19}},"5":{"start":{"line":23,"column":8},"end":{"line":35,"column":13}},"6":{"start":{"line":24,"column":12},"end":{"line":34,"column":13}},"7":{"start":{"line":25,"column":16},"end":{"line":28,"column":30}},"8":{"start":{"line":30,"column":16},"end":{"line":33,"column":27}},"9":{"start":{"line":37,"column":8},"end":{"line":39,"column":21}},"10":{"start":{"line":40,"column":8},"end":{"line":53,"column":9}},"11":{"start":{"line":43,"column":12},"end":{"line":46,"column":14}},"12":{"start":{"line":47,"column":12},"end":{"line":47,"column":18}},"13":{"start":{"line":50,"column":12},"end":{"line":51,"column":33}},"14":{"start":{"line":52,"column":12},"end":{"line":52,"column":18}},"15":{"start":{"line":55,"column":8},"end":{"line":55,"column":35}},"16":{"start":{"line":61,"column":4},"end":{"line":63,"column":9}},"17":{"start":{"line":62,"column":8},"end":{"line":62,"column":15}},"18":{"start":{"line":64,"column":4},"end":{"line":77,"column":5}},"19":{"start":{"line":70,"column":8},"end":{"line":70,"column":14}},"20":{"start":{"line":76,"column":8},"end":{"line":76,"column":14}},"21":{"start":{"line":82,"column":4},"end":{"line":84,"column":9}},"22":{"start":{"line":83,"column":8},"end":{"line":83,"column":15}},"23":{"start":{"line":85,"column":4},"end":{"line":194,"column":5}},"24":{"start":{"line":91,"column":8},"end":{"line":99,"column":10}},"25":{"start":{"line":98,"column":12},"end":{"line":98,"column":35}},"26":{"start":{"line":102,"column":8},"end":{"line":104,"column":63}},"27":{"start":{"line":105,"column":8},"end":{"line":105,"column":14}},"28":{"start":{"line":112,"column":8},"end":{"line":121,"column":10},"skip":true},"29":{"start":{"line":119,"column":12},"end":{"line":119,"column":55},"skip":true},"30":{"start":{"line":120,"column":12},"end":{"line":120,"column":48},"skip":true},"31":{"start":{"line":123,"column":8},"end":{"line":136,"column":10},"skip":true},"32":{"start":{"line":130,"column":12},"end":{"line":130,"column":76},"skip":true},"33":{"start":{"line":131,"column":12},"end":{"line":131,"column":73},"skip":true},"34":{"start":{"line":132,"column":12},"end":{"line":132,"column":74},"skip":true},"35":{"start":{"line":133,"column":12},"end":{"line":133,"column":79},"skip":true},"36":{"start":{"line":134,"column":12},"end":{"line":134,"column":25},"skip":true},"37":{"start":{"line":135,"column":12},"end":{"line":135,"column":45},"skip":true},"38":{"start":{"line":138,"column":8},"end":{"line":145,"column":14},"skip":true},"39":{"start":{"line":143,"column":16},"end":{"line":143,"column":29},"skip":true},"40":{"start":{"line":144,"column":16},"end":{"line":144,"column":55},"skip":true},"41":{"start":{"line":147,"column":8},"end":{"line":156,"column":10},"skip":true},"42":{"start":{"line":154,"column":12},"end":{"line":154,"column":25},"skip":true},"43":{"start":{"line":155,"column":12},"end":{"line":155,"column":45},"skip":true},"44":{"start":{"line":158,"column":8},"end":{"line":167,"column":10},"skip":true},"45":{"start":{"line":165,"column":12},"end":{"line":165,"column":25},"skip":true},"46":{"start":{"line":166,"column":12},"end":{"line":166,"column":48},"skip":true},"47":{"start":{"line":169,"column":8},"end":{"line":178,"column":10},"skip":true},"48":{"start":{"line":176,"column":12},"end":{"line":176,"column":25},"skip":true},"49":{"start":{"line":177,"column":12},"end":{"line":177,"column":46},"skip":true},"50":{"start":{"line":180,"column":8},"end":{"line":189,"column":10},"skip":true},"51":{"start":{"line":187,"column":12},"end":{"line":187,"column":94},"skip":true},"52":{"start":{"line":188,"column":12},"end":{"line":188,"column":48},"skip":true},"53":{"start":{"line":192,"column":8},"end":{"line":192,"column":35},"skip":true},"54":{"start":{"line":193,"column":8},"end":{"line":193,"column":14},"skip":true}},"branchMap":{"1":{"line":25,"type":"binary-expr","locations":[{"start":{"line":25,"column":23},"end":{"line":25,"column":62}},{"start":{"line":26,"column":20},"end":{"line":26,"column":70}},{"start":{"line":27,"column":20},"end":{"line":27,"column":71}},{"start":{"line":28,"column":20},"end":{"line":28,"column":29}}]},"2":{"line":30,"type":"binary-expr","locations":[{"start":{"line":30,"column":23},"end":{"line":30,"column":37}},{"start":{"line":31,"column":20},"end":{"line":31,"column":61}},{"start":{"line":32,"column":20},"end":{"line":32,"column":70}},{"start":{"line":33,"column":20},"end":{"line":33,"column":26}}]},"3":{"line":37,"type":"cond-expr","locations":[{"start":{"line":38,"column":14},"end":{"line":38,"column":20}},{"start":{"line":39,"column":14},"end":{"line":39,"column":20}}]},"4":{"line":40,"type":"switch","locations":[{"start":{"line":42,"column":8},"end":{"line":47,"column":18}},{"start":{"line":49,"column":8},"end":{"line":52,"column":18}}]},"5":{"line":44,"type":"binary-expr","locations":[{"start":{"line":44,"column":16},"end":{"line":44,"column":44}},{"start":{"line":44,"column":48},"end":{"line":44,"column":66}}]},"6":{"line":50,"type":"binary-expr","locations":[{"start":{"line":50,"column":21},"end":{"line":50,"column":49}},{"start":{"line":50,"column":53},"end":{"line":50,"column":72}}]},"7":{"line":64,"type":"switch","locations":[{"start":{"line":69,"column":4},"end":{"line":70,"column":14}},{"start":{"line":75,"column":4},"end":{"line":76,"column":14}}]},"8":{"line":85,"type":"switch","locations":[{"start":{"line":90,"column":4},"end":{"line":105,"column":14}},{"start":{"line":111,"column":4},"end":{"line":193,"column":14},"skip":true}]},"9":{"line":91,"type":"binary-expr","locations":[{"start":{"line":91,"column":42},"end":{"line":91,"column":73}},{"start":{"line":91,"column":77},"end":{"line":99,"column":9}}]},"10":{"line":102,"type":"binary-expr","locations":[{"start":{"line":102,"column":18},"end":{"line":102,"column":32}},{"start":{"line":103,"column":12},"end":{"line":103,"column":53}},{"start":{"line":104,"column":12},"end":{"line":104,"column":61}}]},"11":{"line":112,"type":"binary-expr","locations":[{"start":{"line":112,"column":45},"end":{"line":112,"column":79},"skip":true},{"start":{"line":112,"column":83},"end":{"line":121,"column":9},"skip":true}]},"12":{"line":123,"type":"binary-expr","locations":[{"start":{"line":123,"column":42},"end":{"line":123,"column":73},"skip":true},{"start":{"line":123,"column":77},"end":{"line":136,"column":9},"skip":true}]},"13":{"line":138,"type":"binary-expr","locations":[{"start":{"line":138,"column":48},"end":{"line":138,"column":85},"skip":true},{"start":{"line":139,"column":12},"end":{"line":145,"column":13},"skip":true}]},"14":{"line":147,"type":"binary-expr","locations":[{"start":{"line":147,"column":42},"end":{"line":147,"column":73},"skip":true},{"start":{"line":147,"column":77},"end":{"line":156,"column":9},"skip":true}]},"15":{"line":158,"type":"binary-expr","locations":[{"start":{"line":158,"column":45},"end":{"line":158,"column":79},"skip":true},{"start":{"line":158,"column":83},"end":{"line":167,"column":9},"skip":true}]},"16":{"line":169,"type":"binary-expr","locations":[{"start":{"line":169,"column":43},"end":{"line":169,"column":75},"skip":true},{"start":{"line":169,"column":79},"end":{"line":178,"column":9},"skip":true}]},"17":{"line":180,"type":"binary-expr","locations":[{"start":{"line":180,"column":41},"end":{"line":180,"column":71},"skip":true},{"start":{"line":180,"column":75},"end":{"line":189,"column":9},"skip":true}]}},"code":["/* istanbul instrument in package npmtest_mapslice */","/*jslint","    bitwise: true,","    browser: true,","    maxerr: 8,","    maxlen: 96,","    node: true,","    nomen: true,","    regexp: true,","    stupid: true","*/","(function () {","    'use strict';","    var local;","","","","    // run shared js-env code - pre-init","    (function () {","        // init local","        local = {};","        // init modeJs","        local.modeJs = (function () {","            try {","                return typeof navigator.userAgent === 'string' &&","                    typeof document.querySelector('body') === 'object' &&","                    typeof XMLHttpRequest.prototype.open === 'function' &&","                    'browser';","            } catch (errorCaughtBrowser) {","                return module.exports &&","                    typeof process.versions.node === 'string' &&","                    typeof require('http').createServer === 'function' &&","                    'node';","            }","        }());","        // init global","        local.global = local.modeJs === 'browser'","            ? window","            : global;","        switch (local.modeJs) {","        // re-init local from window.local","        case 'browser':","            local = local.global.utility2.objectSetDefault(","                local.global.utility2_rollup || local.global.local,","                local.global.utility2","            );","            break;","        // re-init local from example.js","        case 'node':","            local = (local.global.utility2_rollup || require('utility2'))","                .requireReadme();","            break;","        }","        // export local","        local.global.local = local;","    }());","","","","    // run shared js-env code - function","    (function () {","        return;","    }());","    switch (local.modeJs) {","","","","    // run browser js-env code - function","    case 'browser':","        break;","","","","    // run node js-env code - function","    case 'node':","        break;","    }","","","","    // run shared js-env code - post-init","    (function () {","        return;","    }());","    switch (local.modeJs) {","","","","    // run browser js-env code - post-init","    case 'browser':","        local.testCase_browser_nullCase = local.testCase_browser_nullCase || function (","            options,","            onError","        ) {","        /*","         * this function will test browsers's null-case handling-behavior-behavior","         */","            onError(null, options);","        };","","        // run tests","        local.nop(local.modeTest &&","            document.querySelector('#testRunButton1') &&","            document.querySelector('#testRunButton1').click());","        break;","","","","    // run node js-env code - post-init","    /* istanbul ignore next */","    case 'node':","        local.testCase_buildApidoc_default = local.testCase_buildApidoc_default || function (","            options,","            onError","        ) {","        /*","         * this function will test buildApidoc's default handling-behavior-behavior","         */","            options = { modulePathList: module.paths };","            local.buildApidoc(options, onError);","        };","","        local.testCase_buildApp_default = local.testCase_buildApp_default || function (","            options,","            onError","        ) {","        /*","         * this function will test buildApp's default handling-behavior-behavior","         */","            local.testCase_buildReadme_default(options, local.onErrorThrow);","            local.testCase_buildLib_default(options, local.onErrorThrow);","            local.testCase_buildTest_default(options, local.onErrorThrow);","            local.testCase_buildCustomOrg_default(options, local.onErrorThrow);","            options = [];","            local.buildApp(options, onError);","        };","","        local.testCase_buildCustomOrg_default = local.testCase_buildCustomOrg_default ||","            function (options, onError) {","            /*","             * this function will test buildCustomOrg's default handling-behavior","             */","                options = {};","                local.buildCustomOrg(options, onError);","            };","","        local.testCase_buildLib_default = local.testCase_buildLib_default || function (","            options,","            onError","        ) {","        /*","         * this function will test buildLib's default handling-behavior","         */","            options = {};","            local.buildLib(options, onError);","        };","","        local.testCase_buildReadme_default = local.testCase_buildReadme_default || function (","            options,","            onError","        ) {","        /*","         * this function will test buildReadme's default handling-behavior-behavior","         */","            options = {};","            local.buildReadme(options, onError);","        };","","        local.testCase_buildTest_default = local.testCase_buildTest_default || function (","            options,","            onError","        ) {","        /*","         * this function will test buildTest's default handling-behavior","         */","            options = {};","            local.buildTest(options, onError);","        };","","        local.testCase_webpage_default = local.testCase_webpage_default || function (","            options,","            onError","        ) {","        /*","         * this function will test webpage's default handling-behavior","         */","            options = { modeCoverageMerge: true, url: local.serverLocalHost + '?modeTest=1' };","            local.browserTest(options, onError);","        };","","        // run test-server","        local.testRunServer(local);","        break;","    }","}());",""],"l":{"12":2,"14":2,"19":2,"21":2,"23":2,"24":2,"25":2,"30":1,"37":2,"40":2,"43":1,"47":1,"50":1,"52":1,"55":2,"61":2,"62":2,"64":2,"70":1,"76":1,"82":2,"83":2,"85":2,"91":1,"98":1,"102":1,"105":1,"112":1,"119":1,"120":1,"123":1,"130":1,"131":1,"132":1,"133":1,"134":1,"135":1,"138":1,"143":2,"144":2,"147":1,"154":2,"155":2,"158":1,"165":2,"166":2,"169":1,"176":2,"177":2,"180":1,"187":1,"188":1,"192":1,"193":1}},"/home/travis/build/npmtest/node-npmtest-mapslice/lib.npmtest_mapslice.js":{"path":"/home/travis/build/npmtest/node-npmtest-mapslice/lib.npmtest_mapslice.js","s":{"1":2,"2":2,"3":2,"4":2,"5":2,"6":2,"7":2,"8":1,"9":2,"10":2,"11":2,"12":2,"13":1,"14":1,"15":1,"16":1},"b":{"1":[2,1,1,1],"2":[1,1,1,1],"3":[1,1],"4":[2,2],"5":[1,1]},"f":{"1":2,"2":2,"3":2},"fnMap":{"1":{"name":"(anonymous_1)","line":12,"loc":{"start":{"line":12,"column":1},"end":{"line":12,"column":13}}},"2":{"name":"(anonymous_2)","line":19,"loc":{"start":{"line":19,"column":5},"end":{"line":19,"column":17}}},"3":{"name":"(anonymous_3)","line":23,"loc":{"start":{"line":23,"column":24},"end":{"line":23,"column":36}}}},"statementMap":{"1":{"start":{"line":12,"column":0},"end":{"line":53,"column":5}},"2":{"start":{"line":14,"column":4},"end":{"line":14,"column":14}},"3":{"start":{"line":19,"column":4},"end":{"line":52,"column":9}},"4":{"start":{"line":21,"column":8},"end":{"line":21,"column":19}},"5":{"start":{"line":23,"column":8},"end":{"line":35,"column":13}},"6":{"start":{"line":24,"column":12},"end":{"line":34,"column":13}},"7":{"start":{"line":25,"column":16},"end":{"line":28,"column":30}},"8":{"start":{"line":30,"column":16},"end":{"line":33,"column":27}},"9":{"start":{"line":37,"column":8},"end":{"line":39,"column":21}},"10":{"start":{"line":41,"column":8},"end":{"line":41,"column":54}},"11":{"start":{"line":43,"column":8},"end":{"line":43,"column":53}},"12":{"start":{"line":45,"column":8},"end":{"line":51,"column":9}},"13":{"start":{"line":46,"column":12},"end":{"line":46,"column":59}},"14":{"start":{"line":48,"column":12},"end":{"line":48,"column":35}},"15":{"start":{"line":49,"column":12},"end":{"line":49,"column":49}},"16":{"start":{"line":50,"column":12},"end":{"line":50,"column":43}}},"branchMap":{"1":{"line":25,"type":"binary-expr","locations":[{"start":{"line":25,"column":23},"end":{"line":25,"column":62}},{"start":{"line":26,"column":20},"end":{"line":26,"column":70}},{"start":{"line":27,"column":20},"end":{"line":27,"column":71}},{"start":{"line":28,"column":20},"end":{"line":28,"column":29}}]},"2":{"line":30,"type":"binary-expr","locations":[{"start":{"line":30,"column":23},"end":{"line":30,"column":37}},{"start":{"line":31,"column":20},"end":{"line":31,"column":61}},{"start":{"line":32,"column":20},"end":{"line":32,"column":70}},{"start":{"line":33,"column":20},"end":{"line":33,"column":26}}]},"3":{"line":37,"type":"cond-expr","locations":[{"start":{"line":38,"column":14},"end":{"line":38,"column":20}},{"start":{"line":39,"column":14},"end":{"line":39,"column":20}}]},"4":{"line":41,"type":"binary-expr","locations":[{"start":{"line":41,"column":16},"end":{"line":41,"column":44}},{"start":{"line":41,"column":48},"end":{"line":41,"column":53}}]},"5":{"line":45,"type":"if","locations":[{"start":{"line":45,"column":8},"end":{"line":45,"column":8}},{"start":{"line":45,"column":8},"end":{"line":45,"column":8}}]}},"code":["/* istanbul instrument in package npmtest_mapslice */","/*jslint","    bitwise: true,","    browser: true,","    maxerr: 8,","    maxlen: 96,","    node: true,","    nomen: true,","    regexp: true,","    stupid: true","*/","(function () {","    'use strict';","    var local;","","","","    // run shared js-env code - pre-init","    (function () {","        // init local","        local = {};","        // init modeJs","        local.modeJs = (function () {","            try {","                return typeof navigator.userAgent === 'string' &&","                    typeof document.querySelector('body') === 'object' &&","                    typeof XMLHttpRequest.prototype.open === 'function' &&","                    'browser';","            } catch (errorCaughtBrowser) {","                return module.exports &&","                    typeof process.versions.node === 'string' &&","                    typeof require('http').createServer === 'function' &&","                    'node';","            }","        }());","        // init global","        local.global = local.modeJs === 'browser'","            ? window","            : global;","        // init utility2_rollup","        local = local.global.utility2_rollup || local;","        // init lib","        local.local = local.npmtest_mapslice = local;","        // init exports","        if (local.modeJs === 'browser') {","            local.global.utility2_npmtest_mapslice = local;","        } else {","            module.exports = local;","            module.exports.__dirname = __dirname;","            module.exports.module = module;","        }","    }());","}());",""],"l":{"12":2,"14":2,"19":2,"21":2,"23":2,"24":2,"25":2,"30":1,"37":2,"41":2,"43":2,"45":2,"46":1,"48":1,"49":1,"50":1}},"/home/travis/build/npmtest/node-npmtest-mapslice/example.js":{"path":"/home/travis/build/npmtest/node-npmtest-mapslice/example.js","s":{"1":2,"2":2,"3":2,"4":2,"5":2,"6":2,"7":2,"8":1,"9":2,"10":2,"11":2,"12":2,"13":1,"14":2,"15":2,"16":2,"17":2,"18":2,"19":0,"20":2,"21":1,"22":1,"23":1,"24":1,"25":1,"26":0,"27":0,"28":1,"29":1,"30":2,"31":0,"32":0,"33":0,"34":1,"35":2,"36":2,"37":3,"38":3,"39":3,"40":3,"41":0,"42":3,"43":3,"44":3,"45":1,"46":3,"47":1,"48":1,"49":1,"50":1,"51":1,"52":1,"53":1,"54":1,"55":1,"56":1,"57":0,"58":1,"59":6,"60":6,"61":1,"62":2,"63":0,"64":2,"65":1,"66":1,"67":0,"68":0,"69":0,"70":0,"71":0,"72":0,"73":0,"74":0,"75":0,"76":0,"77":0,"78":0,"79":0,"80":0,"81":0,"82":0,"83":0},"b":{"1":[2,1,1,1],"2":[1,1,1,1],"3":[1,1],"4":[2,2],"5":[1,1],"6":[1,1],"7":[2,0],"8":[2,1,1,1,1,1],"9":[0,2,0],"10":[1,1],"11":[2,1,1],"12":[1,0],"13":[0,2],"14":[2,0,0,0,0,0,0],"15":[0,3],"16":[3,0],"17":[1,1],"18":[0,1],"19":[1,2,0,2],"20":[1,0],"21":[1,1],"22":[0,0],"23":[0,0],"24":[0,0],"25":[0,0],"26":[0,0],"27":[0,0],"28":[0,0]},"f":{"1":2,"2":2,"3":2,"4":2,"5":2,"6":2,"7":3,"8":3,"9":3,"10":1,"11":6,"12":0},"fnMap":{"1":{"name":"(anonymous_1)","line":26,"loc":{"start":{"line":26,"column":1},"end":{"line":26,"column":13}}},"2":{"name":"(anonymous_2)","line":33,"loc":{"start":{"line":33,"column":5},"end":{"line":33,"column":17}}},"3":{"name":"(anonymous_3)","line":37,"loc":{"start":{"line":37,"column":24},"end":{"line":37,"column":36}}},"4":{"name":"(anonymous_4)","line":69,"loc":{"start":{"line":69,"column":31},"end":{"line":69,"column":48}},"skip":true},"5":{"name":"(anonymous_5)","line":78,"loc":{"start":{"line":78,"column":26},"end":{"line":78,"column":45}},"skip":true},"6":{"name":"(anonymous_6)","line":123,"loc":{"start":{"line":123,"column":33},"end":{"line":123,"column":48}},"skip":true},"7":{"name":"(anonymous_7)","line":125,"loc":{"start":{"line":125,"column":27},"end":{"line":125,"column":39}},"skip":true},"8":{"name":"(anonymous_8)","line":133,"loc":{"start":{"line":133,"column":59},"end":{"line":133,"column":74}},"skip":true},"9":{"name":"(anonymous_9)","line":143,"loc":{"start":{"line":143,"column":45},"end":{"line":143,"column":62}},"skip":true},"10":{"name":"(anonymous_10)","line":144,"loc":{"start":{"line":144,"column":73},"end":{"line":144,"column":92}},"skip":true},"11":{"name":"(anonymous_11)","line":272,"loc":{"start":{"line":272,"column":51},"end":{"line":272,"column":77}},"skip":true},"12":{"name":"(anonymous_12)","line":315,"loc":{"start":{"line":315,"column":32},"end":{"line":315,"column":61}},"skip":true}},"statementMap":{"1":{"start":{"line":26,"column":0},"end":{"line":326,"column":5}},"2":{"start":{"line":28,"column":4},"end":{"line":28,"column":14}},"3":{"start":{"line":33,"column":4},"end":{"line":60,"column":9}},"4":{"start":{"line":35,"column":8},"end":{"line":35,"column":19}},"5":{"start":{"line":37,"column":8},"end":{"line":49,"column":13}},"6":{"start":{"line":38,"column":12},"end":{"line":48,"column":13}},"7":{"start":{"line":39,"column":16},"end":{"line":42,"column":30}},"8":{"start":{"line":44,"column":16},"end":{"line":47,"column":27}},"9":{"start":{"line":51,"column":8},"end":{"line":53,"column":21}},"10":{"start":{"line":55,"column":8},"end":{"line":57,"column":45}},"11":{"start":{"line":59,"column":8},"end":{"line":59,"column":35}},"12":{"start":{"line":61,"column":4},"end":{"line":325,"column":5}},"13":{"start":{"line":69,"column":8},"end":{"line":121,"column":10},"skip":true},"14":{"start":{"line":70,"column":12},"end":{"line":88,"column":13},"skip":true},"15":{"start":{"line":76,"column":16},"end":{"line":87,"column":19},"skip":true},"16":{"start":{"line":79,"column":20},"end":{"line":86,"column":21},"skip":true},"17":{"start":{"line":82,"column":24},"end":{"line":82,"column":43},"skip":true},"18":{"start":{"line":83,"column":24},"end":{"line":83,"column":30},"skip":true},"19":{"start":{"line":85,"column":24},"end":{"line":85,"column":49},"skip":true},"20":{"start":{"line":89,"column":12},"end":{"line":107,"column":13},"skip":true},"21":{"start":{"line":92,"column":16},"end":{"line":102,"column":17},"skip":true},"22":{"start":{"line":93,"column":20},"end":{"line":93,"column":86},"skip":true},"23":{"start":{"line":94,"column":20},"end":{"line":95,"column":45},"skip":true},"24":{"start":{"line":96,"column":20},"end":{"line":96,"column":42},"skip":true},"25":{"start":{"line":97,"column":20},"end":{"line":97,"column":48},"skip":true},"26":{"start":{"line":100,"column":20},"end":{"line":100,"column":85},"skip":true},"27":{"start":{"line":101,"column":20},"end":{"line":101,"column":96},"skip":true},"28":{"start":{"line":103,"column":16},"end":{"line":103,"column":22},"skip":true},"29":{"start":{"line":106,"column":16},"end":{"line":106,"column":22},"skip":true},"30":{"start":{"line":108,"column":12},"end":{"line":120,"column":13},"skip":true},"31":{"start":{"line":114,"column":16},"end":{"line":119,"column":17},"skip":true},"32":{"start":{"line":116,"column":20},"end":{"line":116,"column":78},"skip":true},"33":{"start":{"line":118,"column":20},"end":{"line":118,"column":47},"skip":true},"34":{"start":{"line":123,"column":8},"end":{"line":141,"column":11},"skip":true},"35":{"start":{"line":124,"column":12},"end":{"line":124,"column":54},"skip":true},"36":{"start":{"line":125,"column":12},"end":{"line":140,"column":14},"skip":true},"37":{"start":{"line":126,"column":16},"end":{"line":126,"column":28},"skip":true},"38":{"start":{"line":127,"column":16},"end":{"line":127,"column":69},"skip":true},"39":{"start":{"line":128,"column":16},"end":{"line":128,"column":75},"skip":true},"40":{"start":{"line":129,"column":16},"end":{"line":131,"column":17},"skip":true},"41":{"start":{"line":130,"column":20},"end":{"line":130,"column":27},"skip":true},"42":{"start":{"line":133,"column":16},"end":{"line":137,"column":36},"skip":true},"43":{"start":{"line":134,"column":20},"end":{"line":136,"column":55},"skip":true},"44":{"start":{"line":139,"column":16},"end":{"line":139,"column":57},"skip":true},"45":{"start":{"line":143,"column":8},"end":{"line":147,"column":11},"skip":true},"46":{"start":{"line":144,"column":12},"end":{"line":146,"column":15},"skip":true},"47":{"start":{"line":145,"column":16},"end":{"line":145,"column":70},"skip":true},"48":{"start":{"line":149,"column":8},"end":{"line":149,"column":31},"skip":true},"49":{"start":{"line":150,"column":8},"end":{"line":150,"column":14},"skip":true},"50":{"start":{"line":158,"column":8},"end":{"line":158,"column":31},"skip":true},"51":{"start":{"line":160,"column":8},"end":{"line":160,"column":33},"skip":true},"52":{"start":{"line":161,"column":8},"end":{"line":161,"column":37},"skip":true},"53":{"start":{"line":162,"column":8},"end":{"line":162,"column":35},"skip":true},"54":{"start":{"line":164,"column":8},"end":{"line":164,"column":50},"skip":true},"55":{"start":{"line":166,"column":8},"end":{"line":256,"column":2},"skip":true},"56":{"start":{"line":258,"column":8},"end":{"line":286,"column":9},"skip":true},"57":{"start":{"line":259,"column":12},"end":{"line":269,"column":14},"skip":true},"58":{"start":{"line":271,"column":12},"end":{"line":285,"column":19},"skip":true},"59":{"start":{"line":274,"column":20},"end":{"line":274,"column":35},"skip":true},"60":{"start":{"line":275,"column":20},"end":{"line":284,"column":21},"skip":true},"61":{"start":{"line":277,"column":24},"end":{"line":277,"column":64},"skip":true},"62":{"start":{"line":279,"column":24},"end":{"line":279,"column":40},"skip":true},"63":{"start":{"line":281,"column":24},"end":{"line":281,"column":40},"skip":true},"64":{"start":{"line":283,"column":24},"end":{"line":283,"column":39},"skip":true},"65":{"start":{"line":288,"column":8},"end":{"line":290,"column":9},"skip":true},"66":{"start":{"line":289,"column":12},"end":{"line":289,"column":18},"skip":true},"67":{"start":{"line":291,"column":8},"end":{"line":293,"column":54},"skip":true},"68":{"start":{"line":296,"column":8},"end":{"line":301,"column":37},"skip":true},"69":{"start":{"line":303,"column":8},"end":{"line":303,"column":82},"skip":true},"70":{"start":{"line":306,"column":8},"end":{"line":308,"column":9},"skip":true},"71":{"start":{"line":307,"column":12},"end":{"line":307,"column":82},"skip":true},"72":{"start":{"line":310,"column":8},"end":{"line":312,"column":9},"skip":true},"73":{"start":{"line":311,"column":12},"end":{"line":311,"column":18},"skip":true},"74":{"start":{"line":313,"column":8},"end":{"line":313,"column":54},"skip":true},"75":{"start":{"line":314,"column":8},"end":{"line":314,"column":69},"skip":true},"76":{"start":{"line":315,"column":8},"end":{"line":323,"column":36},"skip":true},"77":{"start":{"line":316,"column":12},"end":{"line":316,"column":61},"skip":true},"78":{"start":{"line":317,"column":12},"end":{"line":320,"column":13},"skip":true},"79":{"start":{"line":318,"column":16},"end":{"line":318,"column":75},"skip":true},"80":{"start":{"line":319,"column":16},"end":{"line":319,"column":23},"skip":true},"81":{"start":{"line":321,"column":12},"end":{"line":321,"column":38},"skip":true},"82":{"start":{"line":322,"column":12},"end":{"line":322,"column":27},"skip":true},"83":{"start":{"line":324,"column":8},"end":{"line":324,"column":14},"skip":true}},"branchMap":{"1":{"line":39,"type":"binary-expr","locations":[{"start":{"line":39,"column":23},"end":{"line":39,"column":62}},{"start":{"line":40,"column":20},"end":{"line":40,"column":70}},{"start":{"line":41,"column":20},"end":{"line":41,"column":71}},{"start":{"line":42,"column":20},"end":{"line":42,"column":29}}]},"2":{"line":44,"type":"binary-expr","locations":[{"start":{"line":44,"column":23},"end":{"line":44,"column":37}},{"start":{"line":45,"column":20},"end":{"line":45,"column":61}},{"start":{"line":46,"column":20},"end":{"line":46,"column":70}},{"start":{"line":47,"column":20},"end":{"line":47,"column":26}}]},"3":{"line":51,"type":"cond-expr","locations":[{"start":{"line":52,"column":14},"end":{"line":52,"column":20}},{"start":{"line":53,"column":14},"end":{"line":53,"column":20}}]},"4":{"line":55,"type":"binary-expr","locations":[{"start":{"line":55,"column":16},"end":{"line":55,"column":44}},{"start":{"line":55,"column":49},"end":{"line":57,"column":43}}]},"5":{"line":55,"type":"cond-expr","locations":[{"start":{"line":56,"column":14},"end":{"line":56,"column":52}},{"start":{"line":57,"column":14},"end":{"line":57,"column":43}}]},"6":{"line":61,"type":"switch","locations":[{"start":{"line":68,"column":4},"end":{"line":150,"column":14},"skip":true},{"start":{"line":156,"column":4},"end":{"line":324,"column":14},"skip":true}]},"7":{"line":70,"type":"if","locations":[{"start":{"line":70,"column":12},"end":{"line":70,"column":12},"skip":true},{"start":{"line":70,"column":12},"end":{"line":70,"column":12},"skip":true}]},"8":{"line":70,"type":"binary-expr","locations":[{"start":{"line":70,"column":16},"end":{"line":70,"column":22},"skip":true},{"start":{"line":70,"column":27},"end":{"line":70,"column":32},"skip":true},{"start":{"line":71,"column":20},"end":{"line":71,"column":39},"skip":true},{"start":{"line":72,"column":20},"end":{"line":72,"column":49},"skip":true},{"start":{"line":73,"column":20},"end":{"line":73,"column":58},"skip":true},{"start":{"line":74,"column":20},"end":{"line":74,"column":69},"skip":true}]},"9":{"line":79,"type":"switch","locations":[{"start":{"line":80,"column":20},"end":{"line":80,"column":33},"skip":true},{"start":{"line":81,"column":20},"end":{"line":83,"column":30},"skip":true},{"start":{"line":84,"column":20},"end":{"line":85,"column":49},"skip":true}]},"10":{"line":89,"type":"switch","locations":[{"start":{"line":90,"column":12},"end":{"line":103,"column":22},"skip":true},{"start":{"line":105,"column":12},"end":{"line":106,"column":22},"skip":true}]},"11":{"line":89,"type":"binary-expr","locations":[{"start":{"line":89,"column":20},"end":{"line":89,"column":25},"skip":true},{"start":{"line":89,"column":29},"end":{"line":89,"column":48},"skip":true},{"start":{"line":89,"column":52},"end":{"line":89,"column":74},"skip":true}]},"12":{"line":92,"type":"if","locations":[{"start":{"line":92,"column":16},"end":{"line":92,"column":16},"skip":true},{"start":{"line":92,"column":16},"end":{"line":92,"column":16},"skip":true}]},"13":{"line":108,"type":"if","locations":[{"start":{"line":108,"column":12},"end":{"line":108,"column":12},"skip":true},{"start":{"line":108,"column":12},"end":{"line":108,"column":12},"skip":true}]},"14":{"line":108,"type":"binary-expr","locations":[{"start":{"line":108,"column":16},"end":{"line":108,"column":61},"skip":true},{"start":{"line":108,"column":66},"end":{"line":108,"column":72},"skip":true},{"start":{"line":108,"column":77},"end":{"line":108,"column":82},"skip":true},{"start":{"line":109,"column":20},"end":{"line":109,"column":39},"skip":true},{"start":{"line":110,"column":20},"end":{"line":110,"column":49},"skip":true},{"start":{"line":111,"column":20},"end":{"line":111,"column":58},"skip":true},{"start":{"line":112,"column":20},"end":{"line":112,"column":68},"skip":true}]},"15":{"line":129,"type":"if","locations":[{"start":{"line":129,"column":16},"end":{"line":129,"column":16},"skip":true},{"start":{"line":129,"column":16},"end":{"line":129,"column":16},"skip":true}]},"16":{"line":134,"type":"cond-expr","locations":[{"start":{"line":135,"column":26},"end":{"line":135,"column":29},"skip":true},{"start":{"line":136,"column":26},"end":{"line":136,"column":54},"skip":true}]},"17":{"line":164,"type":"binary-expr","locations":[{"start":{"line":164,"column":27},"end":{"line":164,"column":43},"skip":true},{"start":{"line":164,"column":47},"end":{"line":164,"column":49},"skip":true}]},"18":{"line":258,"type":"if","locations":[{"start":{"line":258,"column":8},"end":{"line":258,"column":8},"skip":true},{"start":{"line":258,"column":8},"end":{"line":258,"column":8},"skip":true}]},"19":{"line":275,"type":"switch","locations":[{"start":{"line":276,"column":20},"end":{"line":277,"column":64},"skip":true},{"start":{"line":278,"column":20},"end":{"line":279,"column":40},"skip":true},{"start":{"line":280,"column":20},"end":{"line":281,"column":40},"skip":true},{"start":{"line":282,"column":20},"end":{"line":283,"column":39},"skip":true}]},"20":{"line":288,"type":"if","locations":[{"start":{"line":288,"column":8},"end":{"line":288,"column":8},"skip":true},{"start":{"line":288,"column":8},"end":{"line":288,"column":8},"skip":true}]},"21":{"line":288,"type":"binary-expr","locations":[{"start":{"line":288,"column":12},"end":{"line":288,"column":40},"skip":true},{"start":{"line":288,"column":44},"end":{"line":288,"column":67},"skip":true}]},"22":{"line":292,"type":"binary-expr","locations":[{"start":{"line":292,"column":12},"end":{"line":292,"column":50},"skip":true},{"start":{"line":293,"column":12},"end":{"line":293,"column":53},"skip":true}]},"23":{"line":297,"type":"binary-expr","locations":[{"start":{"line":297,"column":12},"end":{"line":297,"column":66},"skip":true},{"start":{"line":298,"column":12},"end":{"line":301,"column":36},"skip":true}]},"24":{"line":303,"type":"binary-expr","locations":[{"start":{"line":303,"column":43},"end":{"line":303,"column":75},"skip":true},{"start":{"line":303,"column":79},"end":{"line":303,"column":81},"skip":true}]},"25":{"line":306,"type":"if","locations":[{"start":{"line":306,"column":8},"end":{"line":306,"column":8},"skip":true},{"start":{"line":306,"column":8},"end":{"line":306,"column":8},"skip":true}]},"26":{"line":310,"type":"if","locations":[{"start":{"line":310,"column":8},"end":{"line":310,"column":8},"skip":true},{"start":{"line":310,"column":8},"end":{"line":310,"column":8},"skip":true}]},"27":{"line":313,"type":"binary-expr","locations":[{"start":{"line":313,"column":27},"end":{"line":313,"column":43},"skip":true},{"start":{"line":313,"column":47},"end":{"line":313,"column":53},"skip":true}]},"28":{"line":317,"type":"if","locations":[{"start":{"line":317,"column":12},"end":{"line":317,"column":12},"skip":true},{"start":{"line":317,"column":12},"end":{"line":317,"column":12},"skip":true}]}},"code":["/*","example.js","","quickstart example","","instruction","    1. save this script as example.js","    2. run the shell command:","        $ npm install npmtest-mapslice && PORT=8081 node example.js","    3. play with the browser-demo on http://127.0.0.1:8081","*/","","","","/* istanbul instrument in package npmtest_mapslice */","/*jslint","    bitwise: true,","    browser: true,","    maxerr: 8,","    maxlen: 96,","    node: true,","    nomen: true,","    regexp: true,","    stupid: true","*/","(function () {","    'use strict';","    var local;","","","","    // run shared js-env code - pre-init","    (function () {","        // init local","        local = {};","        // init modeJs","        local.modeJs = (function () {","            try {","                return typeof navigator.userAgent === 'string' &&","                    typeof document.querySelector('body') === 'object' &&","                    typeof XMLHttpRequest.prototype.open === 'function' &&","                    'browser';","            } catch (errorCaughtBrowser) {","                return module.exports &&","                    typeof process.versions.node === 'string' &&","                    typeof require('http').createServer === 'function' &&","                    'node';","            }","        }());","        // init global","        local.global = local.modeJs === 'browser'","            ? window","            : global;","        // init utility2_rollup","        local = local.global.utility2_rollup || (local.modeJs === 'browser'","            ? local.global.utility2_npmtest_mapslice","            : global.utility2_moduleExports);","        // export local","        local.global.local = local;","    }());","    switch (local.modeJs) {","","","","    // post-init","    // run browser js-env code - post-init","    /* istanbul ignore next */","    case 'browser':","        local.testRunBrowser = function (event) {","            if (!event || (event &&","                    event.currentTarget &&","                    event.currentTarget.className &&","                    event.currentTarget.className.includes &&","                    event.currentTarget.className.includes('onreset'))) {","                // reset output","                Array.from(","                    document.querySelectorAll('body > .resettable')","                ).forEach(function (element) {","                    switch (element.tagName) {","                    case 'INPUT':","                    case 'TEXTAREA':","                        element.value = '';","                        break;","                    default:","                        element.textContent = '';","                    }","                });","            }","            switch (event && event.currentTarget && event.currentTarget.id) {","            case 'testRunButton1':","                // show tests","                if (document.querySelector('#testReportDiv1').style.display === 'none') {","                    document.querySelector('#testReportDiv1').style.display = 'block';","                    document.querySelector('#testRunButton1').textContent =","                        'hide internal test';","                    local.modeTest = true;","                    local.testRunDefault(local);","                // hide tests","                } else {","                    document.querySelector('#testReportDiv1').style.display = 'none';","                    document.querySelector('#testRunButton1').textContent = 'run internal test';","                }","                break;","            // custom-case","            default:","                break;","            }","            if (document.querySelector('#inputTextareaEval1') && (!event || (event &&","                    event.currentTarget &&","                    event.currentTarget.className &&","                    event.currentTarget.className.includes &&","                    event.currentTarget.className.includes('oneval')))) {","                // try to eval input-code","                try {","                    /*jslint evil: true*/","                    eval(document.querySelector('#inputTextareaEval1').value);","                } catch (errorCaught) {","                    console.error(errorCaught);","                }","            }","        };","        // log stderr and stdout to #outputTextareaStdout1","        ['error', 'log'].forEach(function (key) {","            console[key + '_original'] = console[key];","            console[key] = function () {","                var element;","                console[key + '_original'].apply(console, arguments);","                element = document.querySelector('#outputTextareaStdout1');","                if (!element) {","                    return;","                }","                // append text to #outputTextareaStdout1","                element.value += Array.from(arguments).map(function (arg) {","                    return typeof arg === 'string'","                        ? arg","                        : JSON.stringify(arg, null, 4);","                }).join(' ') + '\\n';","                // scroll textarea to bottom","                element.scrollTop = element.scrollHeight;","            };","        });","        // init event-handling","        ['change', 'click', 'keyup'].forEach(function (event) {","            Array.from(document.querySelectorAll('.on' + event)).forEach(function (element) {","                element.addEventListener(event, local.testRunBrowser);","            });","        });","        // run tests","        local.testRunBrowser();","        break;","","","","    // run node js-env code - post-init","    /* istanbul ignore next */","    case 'node':","        // export local","        module.exports = local;","        // require modules","        local.fs = require('fs');","        local.http = require('http');","        local.url = require('url');","        // init assets","        local.assetsDict = local.assetsDict || {};","        /* jslint-ignore-begin */","        local.assetsDict['/assets.index.template.html'] = '\\","<!doctype html>\\n\\","<html lang=\"en\">\\n\\","<head>\\n\\","<meta charset=\"UTF-8\">\\n\\","<meta name=\"viewport\" content=\"width=device-width, initial-scale=1\">\\n\\","<title>{{env.npm_package_name}} (v{{env.npm_package_version}})</title>\\n\\","<style>\\n\\","/*csslint\\n\\","    box-sizing: false,\\n\\","    universal-selector: false\\n\\","*/\\n\\","* {\\n\\","    box-sizing: border-box;\\n\\","}\\n\\","body {\\n\\","    background: #dde;\\n\\","    font-family: Arial, Helvetica, sans-serif;\\n\\","    margin: 2rem;\\n\\","}\\n\\","body > * {\\n\\","    margin-bottom: 1rem;\\n\\","}\\n\\",".utility2FooterDiv {\\n\\","    margin-top: 20px;\\n\\","    text-align: center;\\n\\","}\\n\\","</style>\\n\\","<style>\\n\\","/*csslint\\n\\","*/\\n\\","textarea {\\n\\","    font-family: monospace;\\n\\","    height: 10rem;\\n\\","    width: 100%;\\n\\","}\\n\\","textarea[readonly] {\\n\\","    background: #ddd;\\n\\","}\\n\\","</style>\\n\\","</head>\\n\\","<body>\\n\\","<!-- utility2-comment\\n\\","<div id=\"ajaxProgressDiv1\" style=\"background: #d00; height: 2px; left: 0; margin: 0; padding: 0; position: fixed; top: 0; transition: background 0.5s, width 1.5s; width: 25%;\"></div>\\n\\","utility2-comment -->\\n\\","<h1>\\n\\","<!-- utility2-comment\\n\\","    <a\\n\\","        {{#if env.npm_package_homepage}}\\n\\","        href=\"{{env.npm_package_homepage}}\"\\n\\","        {{/if env.npm_package_homepage}}\\n\\","        target=\"_blank\"\\n\\","    >\\n\\","utility2-comment -->\\n\\","        {{env.npm_package_name}} (v{{env.npm_package_version}})\\n\\","<!-- utility2-comment\\n\\","    </a>\\n\\","utility2-comment -->\\n\\","</h1>\\n\\","<h3>{{env.npm_package_description}}</h3>\\n\\","<!-- utility2-comment\\n\\","<h4><a download href=\"assets.app.js\">download standalone app</a></h4>\\n\\","<button class=\"onclick onreset\" id=\"testRunButton1\">run internal test</button><br>\\n\\","<div id=\"testReportDiv1\" style=\"display: none;\"></div>\\n\\","utility2-comment -->\\n\\","\\n\\","\\n\\","\\n\\","<label>stderr and stdout</label>\\n\\","<textarea class=\"resettable\" id=\"outputTextareaStdout1\" readonly></textarea>\\n\\","<!-- utility2-comment\\n\\","{{#if isRollup}}\\n\\","<script src=\"assets.app.js\"></script>\\n\\","{{#unless isRollup}}\\n\\","utility2-comment -->\\n\\","<script src=\"assets.utility2.rollup.js\"></script>\\n\\","<script src=\"jsonp.utility2._stateInit?callback=window.utility2._stateInit\"></script>\\n\\","<script src=\"assets.npmtest_mapslice.rollup.js\"></script>\\n\\","<script src=\"assets.example.js\"></script>\\n\\","<script src=\"assets.test.js\"></script>\\n\\","<!-- utility2-comment\\n\\","{{/if isRollup}}\\n\\","utility2-comment -->\\n\\","<div class=\"utility2FooterDiv\">\\n\\","    [ this app was created with\\n\\","    <a href=\"https://github.com/kaizhu256/node-utility2\" target=\"_blank\">utility2</a>\\n\\","    ]\\n\\","</div>\\n\\","</body>\\n\\","</html>\\n\\","';","        /* jslint-ignore-end */","        if (local.templateRender) {","            local.assetsDict['/'] = local.templateRender(","                local.assetsDict['/assets.index.template.html'],","                {","                    env: local.objectSetDefault(local.env, {","                        npm_package_description: 'the greatest app in the world!',","                        npm_package_name: 'my-app',","                        npm_package_nameAlias: 'my_app',","                        npm_package_version: '0.0.1'","                    })","                }","            );","        } else {","            local.assetsDict['/'] = local.assetsDict['/assets.index.template.html']","                .replace((/\\{\\{env\\.(\\w+?)\\}\\}/g), function (match0, match1) {","                    // jslint-hack","                    String(match0);","                    switch (match1) {","                    case 'npm_package_description':","                        return 'the greatest app in the world!';","                    case 'npm_package_name':","                        return 'my-app';","                    case 'npm_package_nameAlias':","                        return 'my_app';","                    case 'npm_package_version':","                        return '0.0.1';","                    }","                });","        }","        // run the cli","        if (local.global.utility2_rollup || module !== require.main) {","            break;","        }","        local.assetsDict['/assets.example.js'] =","            local.assetsDict['/assets.example.js'] ||","            local.fs.readFileSync(__filename, 'utf8');","        // bug-workaround - long $npm_package_buildCustomOrg","        /* jslint-ignore-begin */","        local.assetsDict['/assets.npmtest_mapslice.rollup.js'] =","            local.assetsDict['/assets.npmtest_mapslice.rollup.js'] ||","            local.fs.readFileSync(","                local.npmtest_mapslice.__dirname + '/lib.npmtest_mapslice.js',","                'utf8'","            ).replace((/^#!/), '//');","        /* jslint-ignore-end */","        local.assetsDict['/favicon.ico'] = local.assetsDict['/favicon.ico'] || '';","        // if $npm_config_timeout_exit exists,","        // then exit this process after $npm_config_timeout_exit ms","        if (Number(process.env.npm_config_timeout_exit)) {","            setTimeout(process.exit, Number(process.env.npm_config_timeout_exit));","        }","        // start server","        if (local.global.utility2_serverHttp1) {","            break;","        }","        process.env.PORT = process.env.PORT || '8081';","        console.error('server starting on port ' + process.env.PORT);","        local.http.createServer(function (request, response) {","            request.urlParsed = local.url.parse(request.url);","            if (local.assetsDict[request.urlParsed.pathname] !== undefined) {","                response.end(local.assetsDict[request.urlParsed.pathname]);","                return;","            }","            response.statusCode = 404;","            response.end();","        }).listen(process.env.PORT);","        break;","    }","}());",""],"l":{"26":2,"28":2,"33":2,"35":2,"37":2,"38":2,"39":2,"44":1,"51":2,"55":2,"59":2,"61":2,"69":1,"70":2,"76":2,"79":2,"82":2,"83":2,"85":1,"89":2,"92":1,"93":1,"94":1,"96":1,"97":1,"100":1,"101":1,"103":1,"106":1,"108":2,"114":1,"116":1,"118":1,"123":1,"124":2,"125":2,"126":3,"127":3,"128":3,"129":3,"130":1,"133":3,"134":3,"139":3,"143":1,"144":3,"145":1,"149":1,"150":1,"158":1,"160":1,"161":1,"162":1,"164":1,"166":1,"258":1,"259":1,"271":1,"274":6,"275":6,"277":1,"279":2,"281":1,"283":2,"288":1,"289":1,"291":1,"296":1,"303":1,"306":1,"307":1,"310":1,"311":1,"313":1,"314":1,"315":1,"316":1,"317":1,"318":1,"319":1,"321":1,"322":1,"324":1}},"/home/travis/build/npmtest/node-npmtest-mapslice/node_modules/mapslice/index.js":{"path":"/home/travis/build/npmtest/node-npmtest-mapslice/node_modules/mapslice/index.js","s":{"1":1},"b":{},"f":{},"fnMap":{},"statementMap":{"1":{"start":{"line":1,"column":0},"end":{"line":1,"column":43}}},"branchMap":{},"code":["module.exports = require('./lib/MapSlicer')",""],"l":{"1":1}},"/home/travis/build/npmtest/node-npmtest-mapslice/node_modules/mapslice/lib/MapSlicer.js":{"path":"/home/travis/build/npmtest/node-npmtest-mapslice/node_modules/mapslice/lib/MapSlicer.js","s":{"1":1,"2":1,"3":1,"4":1,"5":1,"6":1,"7":1,"8":1,"9":1,"10":1,"11":1,"12":1,"13":1,"14":0,"15":0,"16":0,"17":0,"18":0,"19":0,"20":0,"21":0,"22":0,"23":1,"24":1,"25":0,"26":0,"27":0,"28":0,"29":0,"30":0,"31":0,"32":0,"33":0,"34":0,"35":0,"36":0,"37":0,"38":0,"39":0,"40":0,"41":0,"42":0,"43":0,"44":1,"45":0,"46":0,"47":0,"48":0,"49":0,"50":0,"51":0,"52":0,"53":1,"54":0,"55":0,"56":0,"57":0,"58":0,"59":0,"60":1,"61":0,"62":0,"63":0,"64":0,"65":0,"66":0,"67":0,"68":0,"69":1,"70":0,"71":0,"72":0,"73":0,"74":0,"75":0,"76":0,"77":0,"78":0,"79":0,"80":0,"81":0,"82":0,"83":0,"84":0,"85":0,"86":0,"87":1,"88":0,"89":0,"90":0,"91":0,"92":1},"b":{"1":[0,0],"2":[0,0],"3":[0,0],"4":[0,0],"5":[0,0],"6":[0,0],"7":[0,0],"8":[0,0],"9":[0,0],"10":[0,0],"11":[0,0],"12":[0,0],"13":[0,0],"14":[0,0]},"f":{"1":0,"2":0,"3":0,"4":0,"5":0,"6":0,"7":0,"8":0,"9":0,"10":0,"11":0,"12":0,"13":0},"fnMap":{"1":{"name":"MapSlicer","line":17,"loc":{"start":{"line":17,"column":0},"end":{"line":17,"column":29}}},"2":{"name":"start","line":38,"loc":{"start":{"line":38,"column":28},"end":{"line":38,"column":46}}},"3":{"name":"(anonymous_3)","line":72,"loc":{"start":{"line":72,"column":28},"end":{"line":72,"column":40}}},"4":{"name":"(anonymous_4)","line":73,"loc":{"start":{"line":73,"column":31},"end":{"line":73,"column":49}}},"5":{"name":"(anonymous_5)","line":75,"loc":{"start":{"line":75,"column":46},"end":{"line":75,"column":72}}},"6":{"name":"(anonymous_6)","line":89,"loc":{"start":{"line":89,"column":35},"end":{"line":89,"column":70}}},"7":{"name":"(anonymous_7)","line":96,"loc":{"start":{"line":96,"column":22},"end":{"line":96,"column":34}}},"8":{"name":"(anonymous_8)","line":101,"loc":{"start":{"line":101,"column":39},"end":{"line":101,"column":55}}},"9":{"name":"(anonymous_9)","line":103,"loc":{"start":{"line":103,"column":9},"end":{"line":103,"column":25}}},"10":{"name":"(anonymous_10)","line":104,"loc":{"start":{"line":104,"column":9},"end":{"line":104,"column":34}}},"11":{"name":"(anonymous_11)","line":115,"loc":{"start":{"line":115,"column":35},"end":{"line":115,"column":70}}},"12":{"name":"(anonymous_12)","line":140,"loc":{"start":{"line":140,"column":35},"end":{"line":140,"column":52}}},"13":{"name":"(anonymous_13)","line":141,"loc":{"start":{"line":141,"column":9},"end":{"line":141,"column":25}}}},"statementMap":{"1":{"start":{"line":1,"column":0},"end":{"line":1,"column":22}},"2":{"start":{"line":2,"column":0},"end":{"line":2,"column":26}},"3":{"start":{"line":3,"column":0},"end":{"line":3,"column":30}},"4":{"start":{"line":4,"column":0},"end":{"line":4,"column":28}},"5":{"start":{"line":5,"column":0},"end":{"line":5,"column":26}},"6":{"start":{"line":6,"column":0},"end":{"line":6,"column":45}},"7":{"start":{"line":7,"column":0},"end":{"line":7,"column":61}},"8":{"start":{"line":8,"column":0},"end":{"line":8,"column":61}},"9":{"start":{"line":9,"column":0},"end":{"line":9,"column":49}},"10":{"start":{"line":10,"column":0},"end":{"line":10,"column":44}},"11":{"start":{"line":11,"column":0},"end":{"line":11,"column":42}},"12":{"start":{"line":12,"column":0},"end":{"line":12,"column":48}},"13":{"start":{"line":17,"column":0},"end":{"line":34,"column":1}},"14":{"start":{"line":18,"column":2},"end":{"line":20,"column":3}},"15":{"start":{"line":19,"column":4},"end":{"line":19,"column":33}},"16":{"start":{"line":22,"column":2},"end":{"line":22,"column":45}},"17":{"start":{"line":24,"column":2},"end":{"line":27,"column":3}},"18":{"start":{"line":25,"column":4},"end":{"line":25,"column":34}},"19":{"start":{"line":26,"column":4},"end":{"line":26,"column":10}},"20":{"start":{"line":29,"column":2},"end":{"line":29,"column":27}},"21":{"start":{"line":31,"column":2},"end":{"line":33,"column":3}},"22":{"start":{"line":32,"column":4},"end":{"line":32,"column":43}},"23":{"start":{"line":36,"column":0},"end":{"line":36,"column":45}},"24":{"start":{"line":38,"column":0},"end":{"line":70,"column":1}},"25":{"start":{"line":39,"column":2},"end":{"line":39,"column":28}},"26":{"start":{"line":41,"column":2},"end":{"line":44,"column":3}},"27":{"start":{"line":42,"column":4},"end":{"line":42,"column":67}},"28":{"start":{"line":43,"column":4},"end":{"line":43,"column":10}},"29":{"start":{"line":46,"column":2},"end":{"line":49,"column":3}},"30":{"start":{"line":47,"column":4},"end":{"line":47,"column":93}},"31":{"start":{"line":48,"column":4},"end":{"line":48,"column":10}},"32":{"start":{"line":51,"column":2},"end":{"line":59,"column":3}},"33":{"start":{"line":52,"column":4},"end":{"line":55,"column":5}},"34":{"start":{"line":53,"column":6},"end":{"line":53,"column":113}},"35":{"start":{"line":54,"column":6},"end":{"line":54,"column":12}},"36":{"start":{"line":56,"column":4},"end":{"line":56,"column":96}},"37":{"start":{"line":57,"column":9},"end":{"line":59,"column":3}},"38":{"start":{"line":58,"column":4},"end":{"line":58,"column":131}},"39":{"start":{"line":61,"column":2},"end":{"line":67,"column":3}},"40":{"start":{"line":62,"column":4},"end":{"line":66,"column":5}},"41":{"start":{"line":63,"column":6},"end":{"line":63,"column":64}},"42":{"start":{"line":65,"column":6},"end":{"line":65,"column":32}},"43":{"start":{"line":69,"column":2},"end":{"line":69,"column":14}},"44":{"start":{"line":72,"column":0},"end":{"line":87,"column":1}},"45":{"start":{"line":73,"column":2},"end":{"line":86,"column":15}},"46":{"start":{"line":74,"column":4},"end":{"line":85,"column":5}},"47":{"start":{"line":75,"column":6},"end":{"line":82,"column":19}},"48":{"start":{"line":76,"column":8},"end":{"line":81,"column":9}},"49":{"start":{"line":77,"column":10},"end":{"line":77,"column":127}},"50":{"start":{"line":79,"column":10},"end":{"line":79,"column":67}},"51":{"start":{"line":80,"column":10},"end":{"line":80,"column":62}},"52":{"start":{"line":84,"column":6},"end":{"line":84,"column":84}},"53":{"start":{"line":89,"column":0},"end":{"line":99,"column":1}},"54":{"start":{"line":90,"column":2},"end":{"line":90,"column":74}},"55":{"start":{"line":92,"column":2},"end":{"line":92,"column":56}},"56":{"start":{"line":94,"column":2},"end":{"line":94,"column":51}},"57":{"start":{"line":95,"column":2},"end":{"line":95,"column":63}},"58":{"start":{"line":96,"column":2},"end":{"line":98,"column":15}},"59":{"start":{"line":97,"column":4},"end":{"line":97,"column":20}},"60":{"start":{"line":101,"column":0},"end":{"line":113,"column":1}},"61":{"start":{"line":102,"column":2},"end":{"line":102,"column":19}},"62":{"start":{"line":103,"column":2},"end":{"line":112,"column":14}},"63":{"start":{"line":104,"column":4},"end":{"line":111,"column":17}},"64":{"start":{"line":105,"column":6},"end":{"line":105,"column":26}},"65":{"start":{"line":106,"column":6},"end":{"line":106,"column":110}},"66":{"start":{"line":107,"column":6},"end":{"line":109,"column":7}},"67":{"start":{"line":108,"column":8},"end":{"line":108,"column":33}},"68":{"start":{"line":110,"column":6},"end":{"line":110,"column":25}},"69":{"start":{"line":115,"column":0},"end":{"line":138,"column":1}},"70":{"start":{"line":116,"column":2},"end":{"line":116,"column":72}},"71":{"start":{"line":117,"column":2},"end":{"line":117,"column":16}},"72":{"start":{"line":118,"column":2},"end":{"line":118,"column":50}},"73":{"start":{"line":120,"column":2},"end":{"line":120,"column":29}},"74":{"start":{"line":122,"column":2},"end":{"line":122,"column":21}},"75":{"start":{"line":123,"column":2},"end":{"line":123,"column":24}},"76":{"start":{"line":124,"column":2},"end":{"line":136,"column":3}},"77":{"start":{"line":125,"column":4},"end":{"line":125,"column":25}},"78":{"start":{"line":126,"column":4},"end":{"line":126,"column":23}},"79":{"start":{"line":127,"column":4},"end":{"line":127,"column":27}},"80":{"start":{"line":128,"column":4},"end":{"line":128,"column":88}},"81":{"start":{"line":130,"column":4},"end":{"line":130,"column":83}},"82":{"start":{"line":131,"column":4},"end":{"line":134,"column":5}},"83":{"start":{"line":132,"column":6},"end":{"line":132,"column":25}},"84":{"start":{"line":133,"column":6},"end":{"line":133,"column":95}},"85":{"start":{"line":135,"column":4},"end":{"line":135,"column":45}},"86":{"start":{"line":137,"column":2},"end":{"line":137,"column":14}},"87":{"start":{"line":140,"column":0},"end":{"line":148,"column":1}},"88":{"start":{"line":141,"column":2},"end":{"line":147,"column":14}},"89":{"start":{"line":142,"column":4},"end":{"line":146,"column":5}},"90":{"start":{"line":143,"column":6},"end":{"line":143,"column":33}},"91":{"start":{"line":145,"column":6},"end":{"line":145,"column":66}},"92":{"start":{"line":150,"column":0},"end":{"line":150,"column":26}}},"branchMap":{"1":{"line":18,"type":"if","locations":[{"start":{"line":18,"column":2},"end":{"line":18,"column":2}},{"start":{"line":18,"column":2},"end":{"line":18,"column":2}}]},"2":{"line":24,"type":"if","locations":[{"start":{"line":24,"column":2},"end":{"line":24,"column":2}},{"start":{"line":24,"column":2},"end":{"line":24,"column":2}}]},"3":{"line":31,"type":"if","locations":[{"start":{"line":31,"column":2},"end":{"line":31,"column":2}},{"start":{"line":31,"column":2},"end":{"line":31,"column":2}}]},"4":{"line":41,"type":"if","locations":[{"start":{"line":41,"column":2},"end":{"line":41,"column":2}},{"start":{"line":41,"column":2},"end":{"line":41,"column":2}}]},"5":{"line":46,"type":"if","locations":[{"start":{"line":46,"column":2},"end":{"line":46,"column":2}},{"start":{"line":46,"column":2},"end":{"line":46,"column":2}}]},"6":{"line":51,"type":"if","locations":[{"start":{"line":51,"column":2},"end":{"line":51,"column":2}},{"start":{"line":51,"column":2},"end":{"line":51,"column":2}}]},"7":{"line":52,"type":"if","locations":[{"start":{"line":52,"column":4},"end":{"line":52,"column":4}},{"start":{"line":52,"column":4},"end":{"line":52,"column":4}}]},"8":{"line":57,"type":"if","locations":[{"start":{"line":57,"column":9},"end":{"line":57,"column":9}},{"start":{"line":57,"column":9},"end":{"line":57,"column":9}}]},"9":{"line":61,"type":"if","locations":[{"start":{"line":61,"column":2},"end":{"line":61,"column":2}},{"start":{"line":61,"column":2},"end":{"line":61,"column":2}}]},"10":{"line":62,"type":"if","locations":[{"start":{"line":62,"column":4},"end":{"line":62,"column":4}},{"start":{"line":62,"column":4},"end":{"line":62,"column":4}}]},"11":{"line":74,"type":"if","locations":[{"start":{"line":74,"column":4},"end":{"line":74,"column":4}},{"start":{"line":74,"column":4},"end":{"line":74,"column":4}}]},"12":{"line":76,"type":"if","locations":[{"start":{"line":76,"column":8},"end":{"line":76,"column":8}},{"start":{"line":76,"column":8},"end":{"line":76,"column":8}}]},"13":{"line":107,"type":"if","locations":[{"start":{"line":107,"column":6},"end":{"line":107,"column":6}},{"start":{"line":107,"column":6},"end":{"line":107,"column":6}}]},"14":{"line":142,"type":"if","locations":[{"start":{"line":142,"column":4},"end":{"line":142,"column":4}},{"start":{"line":142,"column":4},"end":{"line":142,"column":4}}]}},"code":["var fs = require('fs')","var path = require('path')","var events = require('events')","var async = require('async')","var util = require('util')","var createHash = require('./util/createHash')","var calculateLevelData = require('./util/calculateLevelData')","var calculateZoomLevel = require('./util/calculateZoomLevel')","var isPowerOfTwo = require('./util/isPowerOfTwo')","var processLevel = require('./processLevel')","var processTile = require('./processTile')","var settingsSchema = require('./settingsSchema')","","/**"," *"," */","function MapSlicer (options) {","  if (!(this instanceof MapSlicer)) {","    return new MapSlicer(options)","  }","","  var opts = settingsSchema.validate(options)","","  if (opts.error) {","    this.emit('error', opts.error)","    return","  }","","  this.options = opts.value","","  if (options.autoStart) {","    process.nextTick(this.start.bind(this))","  }","}","","util.inherits(MapSlicer, events.EventEmitter)","","MapSlicer.prototype.start = function start () {","  var options = this.options","","  if (!options.file) {","    this.emit('error', new Error('Error#5: Target file required.'))","    return","  }","","  if (!isPowerOfTwo(options.tileSize)) {","    this.emit('error', new Error('Error#6: TileSize is not power of 2 like: 128, 256, etc.'))","    return","  }","","  if (options.outputFolder) {","    if (options.output) {","      this.emit('error', new Error('Error#7: Both outputFolder and output are defined. Please define only one.'))","      return","    }","    options.output = path.join(path.dirname(options.file), options.outputFolder, '{google}.jpg')","  } else if (!options.output) {","    options.output = path.join(path.dirname(options.file), path.basename(options.file, path.extname(options.file)), '{google}.jpg')","  }","","  if (!options.gm) {","    if (options.imageMagick) {","      options.gm = require('gm').subClass({ imageMagick: true })","    } else {","      options.gm = require('gm') // gm might be replaced to use imagemagick or graphicsMagick","    }","  }","","  this.setup()","}","","MapSlicer.prototype.setup = function () {","  fs.exists(this.options.file, function (exists) {","    if (exists) {","      this.options.gm(this.options.file).size(function (err, inputSpec) {","        if (err) {","          this.emit('error', new Error('Error#2: Error while fetching size of File: ' + this.options.file + '; Error: ' + err))","        } else {","          this.emit('inputSize', inputSpec.width, inputSpec.height)","          this.startProcess(inputSpec.width, inputSpec.height)","        }","      }.bind(this))","    } else {","      this.emit('error', new Error('Error#1: File not found: ' + this.options.file))","    }","  }.bind(this))","}","","MapSlicer.prototype.startProcess = function (inputWidth, inputHeight) {","  this.options = calculateZoomLevel(inputWidth, inputHeight, this.options)","","  var tasks = this.collectTasks(inputWidth, inputHeight)","","  this.emit('start', this.totalTasks, this.options)","  this.emit('progress', 0, this.totalTasks, this.executedTasks)","  async.series(tasks, function () {","    this.emit('end')","  }.bind(this))","}","","MapSlicer.prototype.wrapProgressTask = function (task) {","  this.totalTasks++","  return function (next) {","    task(function (error, result) {","      this.executedTasks++","      this.emit('progress', this.executedTasks / this.totalTasks, this.totalTasks, this.executedTasks, result)","      if (error) {","        this.emit('error', error)","      }","      next(error, result)","    }.bind(this))","  }.bind(this)","}","","MapSlicer.prototype.collectTasks = function (imageWidth, imageHeight) {","  var levels = calculateLevelData(imageWidth, imageHeight, this.options)","  var tasks = []","  var patternMd5 = createHash(this.options.output)","","  this.emit('levels', levels)","","  this.totalTasks = 0","  this.executedTasks = 0","  for (var i = 0; i < levels.length; ++i) {","    var level = levels[i]","    var levelTasks = []","    var tiles = level.tiles","    var levelFile = path.join(this.options.tmp, patternMd5 + '_' + level.level + '.sgi')","","    tasks.push(this.wrapProgressTask(processLevel(this.options, level, levelFile)))","    for (var j = 0; j < tiles.length; ++j) {","      var tile = tiles[j]","      levelTasks.push(this.wrapProgressTask(processTile(this.options, level, levelFile, tile)))","    }","    tasks.push(this.makeParallel(levelTasks))","  }","  return tasks","}","","MapSlicer.prototype.makeParallel = function (tasks) {","  return function (next) {","    if (this.options.parallelLimit === 0) {","      async.parallel(tasks, next)","    } else {","      async.parallelLimit(tasks, this.options.parallelLimit, next)","    }","  }.bind(this)","}","","module.exports = MapSlicer",""],"l":{"1":1,"2":1,"3":1,"4":1,"5":1,"6":1,"7":1,"8":1,"9":1,"10":1,"11":1,"12":1,"17":1,"18":0,"19":0,"22":0,"24":0,"25":0,"26":0,"29":0,"31":0,"32":0,"36":1,"38":1,"39":0,"41":0,"42":0,"43":0,"46":0,"47":0,"48":0,"51":0,"52":0,"53":0,"54":0,"56":0,"57":0,"58":0,"61":0,"62":0,"63":0,"65":0,"69":0,"72":1,"73":0,"74":0,"75":0,"76":0,"77":0,"79":0,"80":0,"84":0,"89":1,"90":0,"92":0,"94":0,"95":0,"96":0,"97":0,"101":1,"102":0,"103":0,"104":0,"105":0,"106":0,"107":0,"108":0,"110":0,"115":1,"116":0,"117":0,"118":0,"120":0,"122":0,"123":0,"124":0,"125":0,"126":0,"127":0,"128":0,"130":0,"131":0,"132":0,"133":0,"135":0,"137":0,"140":1,"141":0,"142":0,"143":0,"145":0,"150":1}},"/home/travis/build/npmtest/node-npmtest-mapslice/node_modules/mapslice/lib/util/createHash.js":{"path":"/home/travis/build/npmtest/node-npmtest-mapslice/node_modules/mapslice/lib/util/createHash.js","s":{"1":1,"2":1,"3":0},"b":{},"f":{"1":0},"fnMap":{"1":{"name":"(anonymous_1)","line":3,"loc":{"start":{"line":3,"column":17},"end":{"line":3,"column":34}}}},"statementMap":{"1":{"start":{"line":1,"column":0},"end":{"line":1,"column":30}},"2":{"start":{"line":3,"column":0},"end":{"line":5,"column":1}},"3":{"start":{"line":4,"column":2},"end":{"line":4,"column":62}}},"branchMap":{},"code":["var crypto = require('crypto')","","module.exports = function (value) {","  return crypto.createHash('sha1').update(value).digest('hex')","}",""],"l":{"1":1,"3":1,"4":0}},"/home/travis/build/npmtest/node-npmtest-mapslice/node_modules/mapslice/lib/util/calculateLevelData.js":{"path":"/home/travis/build/npmtest/node-npmtest-mapslice/node_modules/mapslice/lib/util/calculateLevelData.js","s":{"1":1,"2":1,"3":1,"4":0,"5":0,"6":0,"7":0,"8":0,"9":0,"10":0,"11":0,"12":0,"13":0,"14":0,"15":0,"16":0,"17":0,"18":0,"19":0,"20":0,"21":0,"22":0,"23":0,"24":0,"25":0,"26":0,"27":0,"28":0,"29":0,"30":0,"31":0,"32":0,"33":0,"34":0},"b":{"1":[0,0],"2":[0,0]},"f":{"1":0},"fnMap":{"1":{"name":"calculateLevelData","line":4,"loc":{"start":{"line":4,"column":17},"end":{"line":4,"column":80}}}},"statementMap":{"1":{"start":{"line":1,"column":0},"end":{"line":1,"column":42}},"2":{"start":{"line":2,"column":0},"end":{"line":2,"column":42}},"3":{"start":{"line":4,"column":0},"end":{"line":64,"column":1}},"4":{"start":{"line":5,"column":2},"end":{"line":5,"column":30}},"5":{"start":{"line":6,"column":2},"end":{"line":6,"column":32}},"6":{"start":{"line":7,"column":2},"end":{"line":12,"column":3}},"7":{"start":{"line":13,"column":2},"end":{"line":13,"column":21}},"8":{"start":{"line":14,"column":2},"end":{"line":14,"column":41}},"9":{"start":{"line":16,"column":2},"end":{"line":61,"column":3}},"10":{"start":{"line":17,"column":4},"end":{"line":17,"column":18}},"11":{"start":{"line":18,"column":4},"end":{"line":18,"column":76}},"12":{"start":{"line":19,"column":4},"end":{"line":19,"column":77}},"13":{"start":{"line":20,"column":4},"end":{"line":20,"column":23}},"14":{"start":{"line":21,"column":4},"end":{"line":21,"column":23}},"15":{"start":{"line":22,"column":4},"end":{"line":22,"column":30}},"16":{"start":{"line":23,"column":4},"end":{"line":23,"column":30}},"17":{"start":{"line":24,"column":4},"end":{"line":24,"column":25}},"18":{"start":{"line":25,"column":4},"end":{"line":25,"column":25}},"19":{"start":{"line":26,"column":4},"end":{"line":33,"column":5}},"20":{"start":{"line":27,"column":6},"end":{"line":27,"column":58}},"21":{"start":{"line":28,"column":6},"end":{"line":28,"column":58}},"22":{"start":{"line":29,"column":6},"end":{"line":29,"column":30}},"23":{"start":{"line":30,"column":6},"end":{"line":30,"column":30}},"24":{"start":{"line":31,"column":6},"end":{"line":31,"column":46}},"25":{"start":{"line":32,"column":6},"end":{"line":32,"column":46}},"26":{"start":{"line":34,"column":4},"end":{"line":45,"column":5}},"27":{"start":{"line":35,"column":6},"end":{"line":44,"column":7}},"28":{"start":{"line":36,"column":8},"end":{"line":43,"column":10}},"29":{"start":{"line":46,"column":4},"end":{"line":55,"column":6}},"30":{"start":{"line":57,"column":4},"end":{"line":57,"column":22}},"31":{"start":{"line":58,"column":4},"end":{"line":58,"column":24}},"32":{"start":{"line":59,"column":4},"end":{"line":59,"column":32}},"33":{"start":{"line":60,"column":4},"end":{"line":60,"column":15}},"34":{"start":{"line":63,"column":2},"end":{"line":63,"column":19}}},"branchMap":{"1":{"line":16,"type":"binary-expr","locations":[{"start":{"line":16,"column":9},"end":{"line":16,"column":28}},{"start":{"line":16,"column":32},"end":{"line":16,"column":53}}]},"2":{"line":26,"type":"if","locations":[{"start":{"line":26,"column":4},"end":{"line":26,"column":4}},{"start":{"line":26,"column":4},"end":{"line":26,"column":4}}]}},"code":["var pow2roundup = require('./pow2roundup')","var getPowerTwo = require('./getPowerTwo')","","module.exports = function calculateLevelData (imageWidth, imageHeight, options) {","  var width = options.minWidth","  var height = options.minHeight","  var tileAmount = pow2roundup(","    Math.max(","      Math.ceil(width / options.tileSize),","      Math.ceil(height / options.tileSize)","    )","  )","  var zoomLevels = []","  var zoomLevel = getPowerTwo(tileAmount)","","  while (width <= imageWidth && height <= imageHeight) {","    var tiles = []","    var xStart = Math.round(width / 2) - (tileAmount / 2) * options.tileSize","    var yStart = Math.round(height / 2) - (tileAmount / 2) * options.tileSize","    var xCountStart = 0","    var yCountStart = 0","    var xCountEnd = tileAmount","    var yCountEnd = tileAmount","    var xOffset = -xStart","    var yOffset = -yStart","    if (options.skipEmptyTiles) {","      xCountStart = Math.floor(-xStart / options.tileSize)","      yCountStart = Math.floor(-yStart / options.tileSize)","      xCountEnd -= xCountStart","      yCountEnd -= yCountStart","      xStart += xCountStart * options.tileSize","      yStart += yCountStart * options.tileSize","    }","    for (var yCount = yCountStart, y = yStart; yCount < yCountEnd; ++yCount, y += options.tileSize) {","      for (var xCount = xCountStart, x = xStart; xCount < xCountEnd; ++xCount, x += options.tileSize) {","        tiles.push({","          x: xCount,","          y: yCount,","          tile: {","            x: x,","            y: y","          }","        })","      }","    }","    zoomLevels.push({","      scale: width / imageWidth,","      width: width,","      height: height,","      x: xOffset,","      y: yOffset,","      size: options.tileSize * tileAmount,","      tiles: tiles,","      level: zoomLevel","    })","","    width = width << 1","    height = height << 1","    tileAmount = tileAmount << 1","    zoomLevel++","  }","","  return zoomLevels","}",""],"l":{"1":1,"2":1,"4":1,"5":0,"6":0,"7":0,"13":0,"14":0,"16":0,"17":0,"18":0,"19":0,"20":0,"21":0,"22":0,"23":0,"24":0,"25":0,"26":0,"27":0,"28":0,"29":0,"30":0,"31":0,"32":0,"34":0,"35":0,"36":0,"46":0,"57":0,"58":0,"59":0,"60":0,"63":0}},"/home/travis/build/npmtest/node-npmtest-mapslice/node_modules/mapslice/lib/util/pow2roundup.js":{"path":"/home/travis/build/npmtest/node-npmtest-mapslice/node_modules/mapslice/lib/util/pow2roundup.js","s":{"1":1,"2":0,"3":0,"4":0,"5":0,"6":0,"7":0,"8":0,"9":0,"10":0},"b":{"1":[0,0]},"f":{"1":0},"fnMap":{"1":{"name":"pow2roundup","line":1,"loc":{"start":{"line":1,"column":17},"end":{"line":1,"column":42}}}},"statementMap":{"1":{"start":{"line":1,"column":0},"end":{"line":12,"column":1}},"2":{"start":{"line":2,"column":2},"end":{"line":4,"column":3}},"3":{"start":{"line":3,"column":4},"end":{"line":3,"column":12}},"4":{"start":{"line":5,"column":2},"end":{"line":5,"column":5}},"5":{"start":{"line":6,"column":2},"end":{"line":6,"column":13}},"6":{"start":{"line":7,"column":2},"end":{"line":7,"column":13}},"7":{"start":{"line":8,"column":2},"end":{"line":8,"column":13}},"8":{"start":{"line":9,"column":2},"end":{"line":9,"column":13}},"9":{"start":{"line":10,"column":2},"end":{"line":10,"column":14}},"10":{"start":{"line":11,"column":2},"end":{"line":11,"column":14}}},"branchMap":{"1":{"line":2,"type":"if","locations":[{"start":{"line":2,"column":2},"end":{"line":2,"column":2}},{"start":{"line":2,"column":2},"end":{"line":2,"column":2}}]}},"code":["module.exports = function pow2roundup (x) {","  if (x < 1) {","    return 1","  }","  --x","  x |= x >> 1","  x |= x >> 2","  x |= x >> 4","  x |= x >> 8","  x |= x >> 16","  return x + 1","}",""],"l":{"1":1,"2":0,"3":0,"5":0,"6":0,"7":0,"8":0,"9":0,"10":0,"11":0}},"/home/travis/build/npmtest/node-npmtest-mapslice/node_modules/mapslice/lib/util/getPowerTwo.js":{"path":"/home/travis/build/npmtest/node-npmtest-mapslice/node_modules/mapslice/lib/util/getPowerTwo.js","s":{"1":1,"2":0,"3":0,"4":0,"5":0,"6":0,"7":0,"8":0,"9":0},"b":{"1":[0,0]},"f":{"1":0},"fnMap":{"1":{"name":"getPowerTwo","line":1,"loc":{"start":{"line":1,"column":17},"end":{"line":1,"column":42}}}},"statementMap":{"1":{"start":{"line":1,"column":0},"end":{"line":13,"column":1}},"2":{"start":{"line":2,"column":2},"end":{"line":2,"column":15}},"3":{"start":{"line":3,"column":2},"end":{"line":3,"column":15}},"4":{"start":{"line":4,"column":2},"end":{"line":11,"column":3}},"5":{"start":{"line":5,"column":4},"end":{"line":5,"column":11}},"6":{"start":{"line":6,"column":4},"end":{"line":10,"column":5}},"7":{"start":{"line":7,"column":6},"end":{"line":7,"column":15}},"8":{"start":{"line":9,"column":6},"end":{"line":9,"column":24}},"9":{"start":{"line":12,"column":2},"end":{"line":12,"column":18}}},"branchMap":{"1":{"line":6,"type":"if","locations":[{"start":{"line":6,"column":4},"end":{"line":6,"column":4}},{"start":{"line":6,"column":4},"end":{"line":6,"column":4}}]}},"code":["module.exports = function getPowerTwo (x) {","  var power = 0","  var value = 0","  while (x > value) {","    power++","    if (value === 0) {","      value = 1","    } else {","      value = value << 1","    }","  }","  return power - 1","}",""],"l":{"1":1,"2":0,"3":0,"4":0,"5":0,"6":0,"7":0,"9":0,"12":0}},"/home/travis/build/npmtest/node-npmtest-mapslice/node_modules/mapslice/lib/util/calculateZoomLevel.js":{"path":"/home/travis/build/npmtest/node-npmtest-mapslice/node_modules/mapslice/lib/util/calculateZoomLevel.js","s":{"1":1,"2":0,"3":0,"4":0,"5":0,"6":0,"7":0,"8":0,"9":0,"10":0,"11":0,"12":0,"13":0,"14":0,"15":0},"b":{"1":[0,0],"2":[0,0],"3":[0,0],"4":[0,0],"5":[0,0],"6":[0,0]},"f":{"1":0},"fnMap":{"1":{"name":"calculateZoomLevel","line":1,"loc":{"start":{"line":1,"column":17},"end":{"line":1,"column":80}}}},"statementMap":{"1":{"start":{"line":1,"column":0},"end":{"line":21,"column":1}},"2":{"start":{"line":2,"column":2},"end":{"line":19,"column":3}},"3":{"start":{"line":3,"column":4},"end":{"line":7,"column":5}},"4":{"start":{"line":4,"column":6},"end":{"line":4,"column":80}},"5":{"start":{"line":5,"column":11},"end":{"line":7,"column":5}},"6":{"start":{"line":6,"column":6},"end":{"line":6,"column":80}},"7":{"start":{"line":9,"column":4},"end":{"line":9,"column":65}},"8":{"start":{"line":10,"column":4},"end":{"line":10,"column":26}},"9":{"start":{"line":11,"column":4},"end":{"line":11,"column":28}},"10":{"start":{"line":13,"column":4},"end":{"line":16,"column":5}},"11":{"start":{"line":14,"column":6},"end":{"line":14,"column":24}},"12":{"start":{"line":15,"column":6},"end":{"line":15,"column":26}},"13":{"start":{"line":17,"column":4},"end":{"line":17,"column":28}},"14":{"start":{"line":18,"column":4},"end":{"line":18,"column":30}},"15":{"start":{"line":20,"column":2},"end":{"line":20,"column":16}}},"branchMap":{"1":{"line":2,"type":"if","locations":[{"start":{"line":2,"column":2},"end":{"line":2,"column":2}},{"start":{"line":2,"column":2},"end":{"line":2,"column":2}}]},"2":{"line":2,"type":"binary-expr","locations":[{"start":{"line":2,"column":6},"end":{"line":2,"column":22}},{"start":{"line":2,"column":26},"end":{"line":2,"column":43}}]},"3":{"line":3,"type":"if","locations":[{"start":{"line":3,"column":4},"end":{"line":3,"column":4}},{"start":{"line":3,"column":4},"end":{"line":3,"column":4}}]},"4":{"line":5,"type":"if","locations":[{"start":{"line":5,"column":11},"end":{"line":5,"column":11}},{"start":{"line":5,"column":11},"end":{"line":5,"column":11}}]},"5":{"line":9,"type":"binary-expr","locations":[{"start":{"line":9,"column":20},"end":{"line":9,"column":35}},{"start":{"line":9,"column":39},"end":{"line":9,"column":40}}]},"6":{"line":13,"type":"binary-expr","locations":[{"start":{"line":13,"column":11},"end":{"line":13,"column":26}},{"start":{"line":13,"column":30},"end":{"line":13,"column":46}}]}},"code":["module.exports = function calculateZoomLevel (inputWidth, inputHeight, options) {","  if (options.minWidth || options.minHeight) {","    if (!options.minWidth) {","      options.minWidth = Math.ceil(inputWidth / inputHeight * options.minHeight)","    } else if (!options.minHeight) {","      options.minHeight = Math.ceil(inputHeight / inputWidth * options.minWidth)","    }","  } else {","    var minSize = ((options.zoomMin || 0) + 1) * options.tileSize","    var width = inputWidth","    var height = inputHeight","","    while (width > minSize || height > minSize) {","      width = width >> 1","      height = height >> 1","    }","    options.minWidth = width","    options.minHeight = height","  }","  return options","}",""],"l":{"1":1,"2":0,"3":0,"4":0,"5":0,"6":0,"9":0,"10":0,"11":0,"13":0,"14":0,"15":0,"17":0,"18":0,"20":0}},"/home/travis/build/npmtest/node-npmtest-mapslice/node_modules/mapslice/lib/util/isPowerOfTwo.js":{"path":"/home/travis/build/npmtest/node-npmtest-mapslice/node_modules/mapslice/lib/util/isPowerOfTwo.js","s":{"1":1,"2":0,"3":0,"4":0},"b":{"1":[0,0]},"f":{"1":0},"fnMap":{"1":{"name":"isPowerOfTwo","line":1,"loc":{"start":{"line":1,"column":17},"end":{"line":1,"column":43}}}},"statementMap":{"1":{"start":{"line":1,"column":0},"end":{"line":6,"column":1}},"2":{"start":{"line":2,"column":2},"end":{"line":4,"column":3}},"3":{"start":{"line":3,"column":4},"end":{"line":3,"column":16}},"4":{"start":{"line":5,"column":2},"end":{"line":5,"column":28}}},"branchMap":{"1":{"line":2,"type":"if","locations":[{"start":{"line":2,"column":2},"end":{"line":2,"column":2}},{"start":{"line":2,"column":2},"end":{"line":2,"column":2}}]}},"code":["module.exports = function isPowerOfTwo (x) {","  if (x < 1) {","    return false","  }","  return (x & (x - 1)) === 0","}",""],"l":{"1":1,"2":0,"3":0,"5":0}},"/home/travis/build/npmtest/node-npmtest-mapslice/node_modules/mapslice/lib/processLevel.js":{"path":"/home/travis/build/npmtest/node-npmtest-mapslice/node_modules/mapslice/lib/processLevel.js","s":{"1":1,"2":1,"3":1,"4":0,"5":0,"6":0,"7":0,"8":0,"9":0,"10":0,"11":0,"12":0,"13":0,"14":0,"15":0,"16":0,"17":0},"b":{"1":[0,0],"2":[0,0],"3":[0,0],"4":[0,0],"5":[0,0],"6":[0,0],"7":[0,0]},"f":{"1":0,"2":0,"3":0,"4":0},"fnMap":{"1":{"name":"processLevel","line":4,"loc":{"start":{"line":4,"column":17},"end":{"line":4,"column":67}}},"2":{"name":"(anonymous_2)","line":5,"loc":{"start":{"line":5,"column":9},"end":{"line":5,"column":25}}},"3":{"name":"(anonymous_3)","line":6,"loc":{"start":{"line":6,"column":36},"end":{"line":6,"column":51}}},"4":{"name":"(anonymous_4)","line":19,"loc":{"start":{"line":19,"column":29},"end":{"line":19,"column":52}}}},"statementMap":{"1":{"start":{"line":1,"column":0},"end":{"line":1,"column":30}},"2":{"start":{"line":2,"column":0},"end":{"line":2,"column":26}},"3":{"start":{"line":4,"column":0},"end":{"line":24,"column":1}},"4":{"start":{"line":5,"column":2},"end":{"line":23,"column":3}},"5":{"start":{"line":6,"column":4},"end":{"line":22,"column":6}},"6":{"start":{"line":7,"column":6},"end":{"line":7,"column":31}},"7":{"start":{"line":7,"column":15},"end":{"line":7,"column":31}},"8":{"start":{"line":8,"column":6},"end":{"line":8,"column":134}},"9":{"start":{"line":9,"column":6},"end":{"line":9,"column":90}},"10":{"start":{"line":10,"column":6},"end":{"line":12,"column":7}},"11":{"start":{"line":11,"column":8},"end":{"line":11,"column":40}},"12":{"start":{"line":13,"column":6},"end":{"line":15,"column":7}},"13":{"start":{"line":14,"column":8},"end":{"line":14,"column":36}},"14":{"start":{"line":16,"column":6},"end":{"line":18,"column":7}},"15":{"start":{"line":17,"column":8},"end":{"line":17,"column":36}},"16":{"start":{"line":19,"column":6},"end":{"line":21,"column":8}},"17":{"start":{"line":20,"column":8},"end":{"line":20,"column":28}}},"branchMap":{"1":{"line":7,"type":"if","locations":[{"start":{"line":7,"column":6},"end":{"line":7,"column":6}},{"start":{"line":7,"column":6},"end":{"line":7,"column":6}}]},"2":{"line":10,"type":"if","locations":[{"start":{"line":10,"column":6},"end":{"line":10,"column":6}},{"start":{"line":10,"column":6},"end":{"line":10,"column":6}}]},"3":{"line":10,"type":"binary-expr","locations":[{"start":{"line":10,"column":10},"end":{"line":10,"column":44}},{"start":{"line":10,"column":48},"end":{"line":10,"column":84}}]},"4":{"line":13,"type":"if","locations":[{"start":{"line":13,"column":6},"end":{"line":13,"column":6}},{"start":{"line":13,"column":6},"end":{"line":13,"column":6}}]},"5":{"line":13,"type":"binary-expr","locations":[{"start":{"line":13,"column":10},"end":{"line":13,"column":42}},{"start":{"line":13,"column":46},"end":{"line":13,"column":81}}]},"6":{"line":16,"type":"if","locations":[{"start":{"line":16,"column":6},"end":{"line":16,"column":6}},{"start":{"line":16,"column":6},"end":{"line":16,"column":6}}]},"7":{"line":16,"type":"binary-expr","locations":[{"start":{"line":16,"column":10},"end":{"line":16,"column":42}},{"start":{"line":16,"column":46},"end":{"line":16,"column":80}}]}},"code":["var mkdirp = require('mkdirp')","var path = require('path')","","module.exports = function processLevel (options, level, levelFile) {","  return function (next) {","    mkdirp(path.dirname(levelFile), function (err) {","      if (err) return next(err)","      var drawCommand = 'image Over ' + level.x + ',' + level.y + ' ' + level.width + ',' + level.height + ' \\'' + options.file + '\\''","      var image = options.gm(level.size, level.size, options.background).draw(drawCommand)","      if (options.hasOwnProperty('bitdepth') && typeof options.bitdepth === 'number') {","        image.bitdepth(options.bitdepth)","      }","      if (options.hasOwnProperty('dither') && typeof options.dither === 'boolean') {","        image.dither(options.dither)","      }","      if (options.hasOwnProperty('colors') && typeof options.colors === 'number') {","        image.colors(options.colors)","      }","      image.write(levelFile, function (err, result) {","        next(err, levelFile)","      })","    })","  }","}",""],"l":{"1":1,"2":1,"4":1,"5":0,"6":0,"7":0,"8":0,"9":0,"10":0,"11":0,"13":0,"14":0,"16":0,"17":0,"19":0,"20":0}},"/home/travis/build/npmtest/node-npmtest-mapslice/node_modules/mapslice/lib/processTile.js":{"path":"/home/travis/build/npmtest/node-npmtest-mapslice/node_modules/mapslice/lib/processTile.js","s":{"1":1,"2":1,"3":1,"4":1,"5":0,"6":1,"7":0,"8":0,"9":0,"10":0,"11":0,"12":0,"13":0,"14":0},"b":{"1":[0,0],"2":[0,0]},"f":{"1":0,"2":0,"3":0,"4":0,"5":0},"fnMap":{"1":{"name":"pos","line":5,"loc":{"start":{"line":5,"column":0},"end":{"line":5,"column":17}}},"2":{"name":"processTile","line":8,"loc":{"start":{"line":8,"column":17},"end":{"line":8,"column":72}}},"3":{"name":"(anonymous_3)","line":9,"loc":{"start":{"line":9,"column":9},"end":{"line":9,"column":25}}},"4":{"name":"(anonymous_4)","line":11,"loc":{"start":{"line":11,"column":35},"end":{"line":11,"column":50}}},"5":{"name":"(anonymous_5)","line":17,"loc":{"start":{"line":17,"column":63},"end":{"line":17,"column":78}}}},"statementMap":{"1":{"start":{"line":1,"column":0},"end":{"line":1,"column":30}},"2":{"start":{"line":2,"column":0},"end":{"line":2,"column":51}},"3":{"start":{"line":3,"column":0},"end":{"line":3,"column":26}},"4":{"start":{"line":5,"column":0},"end":{"line":7,"column":1}},"5":{"start":{"line":6,"column":2},"end":{"line":6,"column":31}},"6":{"start":{"line":8,"column":0},"end":{"line":22,"column":1}},"7":{"start":{"line":9,"column":2},"end":{"line":21,"column":3}},"8":{"start":{"line":10,"column":4},"end":{"line":10,"column":77}},"9":{"start":{"line":11,"column":4},"end":{"line":20,"column":6}},"10":{"start":{"line":12,"column":6},"end":{"line":14,"column":7}},"11":{"start":{"line":13,"column":8},"end":{"line":13,"column":24}},"12":{"start":{"line":16,"column":6},"end":{"line":16,"column":124}},"13":{"start":{"line":17,"column":6},"end":{"line":19,"column":8}},"14":{"start":{"line":18,"column":8},"end":{"line":18,"column":27}}},"branchMap":{"1":{"line":6,"type":"cond-expr","locations":[{"start":{"line":6,"column":20},"end":{"line":6,"column":27}},{"start":{"line":6,"column":30},"end":{"line":6,"column":31}}]},"2":{"line":12,"type":"if","locations":[{"start":{"line":12,"column":6},"end":{"line":12,"column":6}},{"start":{"line":12,"column":6},"end":{"line":12,"column":6}}]}},"code":["var mkdirp = require('mkdirp')","var outputResolve = require('./util/outputResolve')","var path = require('path')","","function pos (x) {","  return (x >= 0) ? '+' + x : x","}","module.exports = function processTile (options, level, levelFile, tile) {","  return function (next) {","    var tileFile = outputResolve(options.output, level.level, tile.y, tile.x)","    mkdirp(path.dirname(tileFile), function (err) {","      if (err) {","        return next(err)","      }","","      var crop = options.tileSize + 'x' + options.tileSize + pos(tile.x * options.tileSize) + pos(tile.y * options.tileSize)","      options.gm(levelFile).out('-crop', crop).write(tileFile, function (err) {","        next(err, tileFile)","      })","    })","  }","}",""],"l":{"1":1,"2":1,"3":1,"5":1,"6":0,"8":1,"9":0,"10":0,"11":0,"12":0,"13":0,"16":0,"17":0,"18":0}},"/home/travis/build/npmtest/node-npmtest-mapslice/node_modules/mapslice/lib/util/outputResolve.js":{"path":"/home/travis/build/npmtest/node-npmtest-mapslice/node_modules/mapslice/lib/util/outputResolve.js","s":{"1":1,"2":1,"3":1,"4":0},"b":{},"f":{"1":0},"fnMap":{"1":{"name":"outputResolve","line":4,"loc":{"start":{"line":4,"column":17},"end":{"line":4,"column":58}}}},"statementMap":{"1":{"start":{"line":1,"column":0},"end":{"line":1,"column":25}},"2":{"start":{"line":2,"column":0},"end":{"line":2,"column":26}},"3":{"start":{"line":4,"column":0},"end":{"line":11,"column":1}},"4":{"start":{"line":5,"column":2},"end":{"line":10,"column":16}}},"branchMap":{},"code":["var S = require('string')","var path = require('path')","","module.exports = function outputResolve (format, z, y, x) {","  return S(format).template({","    z: z,","    y: y,","    x: x,","    google: path.join(String(z), String(y), String(x))","  }, '{', '}').s","}",""],"l":{"1":1,"2":1,"4":1,"5":0}},"/home/travis/build/npmtest/node-npmtest-mapslice/node_modules/mapslice/lib/settingsSchema.js":{"path":"/home/travis/build/npmtest/node-npmtest-mapslice/node_modules/mapslice/lib/settingsSchema.js","s":{"1":1,"2":1,"3":1},"b":{},"f":{},"fnMap":{},"statementMap":{"1":{"start":{"line":1,"column":0},"end":{"line":1,"column":24}},"2":{"start":{"line":2,"column":0},"end":{"line":2,"column":38}},"3":{"start":{"line":4,"column":0},"end":{"line":18,"column":12}}},"branchMap":{},"code":["var joi = require('joi')","var def = require('./defaultSettings')","","module.exports = joi.object({","  tileSize: joi.number().integer().min(1).default(def.tileSize).description('Has to be a power of 2'),","  tmp: joi.string().default(def.tmp).description('Temp folder to store images'),","  parallelLimit: joi.number().integer().min(1).default(def.parallelLimit).description('Amount of parallel tasks that are run'),","  background: joi.string().default(def.background).description('Color to be used outside of the image'),","  imageMagick: joi.boolean().default(def.imageMagick).description('If (true) then use ImageMagick instead of GraphicsMagick'),","  autoStart: joi.boolean().default(false).description('If (true) then it will process without explicitly calling `.start`'),","  output: joi.string(),","  outputFolder: joi.string(),","  gm: joi.object(),","  file: joi.string().required(),","  minWidth: joi.number().integer(),","  minHeight: joi.number().integer(),","  skipEmptyTiles: joi.boolean().default(false).description('Ignore empty tiles')","}).unknown()",""],"l":{"1":1,"2":1,"4":1}},"/home/travis/build/npmtest/node-npmtest-mapslice/node_modules/mapslice/lib/defaultSettings.js":{"path":"/home/travis/build/npmtest/node-npmtest-mapslice/node_modules/mapslice/lib/defaultSettings.js","s":{"1":1},"b":{},"f":{},"fnMap":{},"statementMap":{"1":{"start":{"line":1,"column":0},"end":{"line":8,"column":1}}},"branchMap":{},"code":["module.exports = {","  tileSize: 256,","  tmp: '.tmp',","  parallelLimit: 5,","  background: '#FFFFFFFF',","  imageMagick: false,","  skipEmptyTiles: false","}",""],"l":{"1":1}},"/home/travis/build/npmtest/node-npmtest-mapslice/node_modules/mapslice/lib/client.js":{"path":"/home/travis/build/npmtest/node-npmtest-mapslice/node_modules/mapslice/lib/client.js","s":{"1":1,"2":1,"3":1,"4":0,"5":0,"6":0,"7":0,"8":0,"9":0,"10":0,"11":0,"12":0,"13":0,"14":0,"15":0,"16":0,"17":0,"18":0,"19":0,"20":0,"21":0,"22":0,"23":0,"24":0,"25":0,"26":0,"27":0,"28":0,"29":0},"b":{"1":[0,0],"2":[0,0]},"f":{"1":0,"2":0,"3":0,"4":0,"5":0,"6":0,"7":0},"fnMap":{"1":{"name":"client","line":4,"loc":{"start":{"line":4,"column":17},"end":{"line":4,"column":43}}},"2":{"name":"(anonymous_2)","line":7,"loc":{"start":{"line":7,"column":24},"end":{"line":7,"column":50}}},"3":{"name":"(anonymous_3)","line":12,"loc":{"start":{"line":12,"column":25},"end":{"line":12,"column":43}}},"4":{"name":"(anonymous_4)","line":19,"loc":{"start":{"line":19,"column":28},"end":{"line":19,"column":53}}},"5":{"name":"(anonymous_5)","line":23,"loc":{"start":{"line":23,"column":24},"end":{"line":23,"column":39}}},"6":{"name":"(anonymous_6)","line":28,"loc":{"start":{"line":28,"column":27},"end":{"line":28,"column":69}}},"7":{"name":"(anonymous_7)","line":40,"loc":{"start":{"line":40,"column":22},"end":{"line":40,"column":34}}}},"statementMap":{"1":{"start":{"line":1,"column":0},"end":{"line":1,"column":38}},"2":{"start":{"line":2,"column":0},"end":{"line":2,"column":26}},"3":{"start":{"line":4,"column":0},"end":{"line":46,"column":1}},"4":{"start":{"line":5,"column":2},"end":{"line":5,"column":40}},"5":{"start":{"line":7,"column":2},"end":{"line":10,"column":4}},"6":{"start":{"line":8,"column":4},"end":{"line":8,"column":60}},"7":{"start":{"line":9,"column":4},"end":{"line":9,"column":89}},"8":{"start":{"line":12,"column":2},"end":{"line":17,"column":4}},"9":{"start":{"line":13,"column":4},"end":{"line":16,"column":5}},"10":{"start":{"line":14,"column":6},"end":{"line":14,"column":27}},"11":{"start":{"line":15,"column":6},"end":{"line":15,"column":124}},"12":{"start":{"line":19,"column":2},"end":{"line":21,"column":4}},"13":{"start":{"line":20,"column":4},"end":{"line":20,"column":55}},"14":{"start":{"line":23,"column":2},"end":{"line":26,"column":4}},"15":{"start":{"line":24,"column":4},"end":{"line":24,"column":30}},"16":{"start":{"line":25,"column":4},"end":{"line":25,"column":22}},"17":{"start":{"line":28,"column":2},"end":{"line":38,"column":4}},"18":{"start":{"line":29,"column":4},"end":{"line":29,"column":30}},"19":{"start":{"line":30,"column":4},"end":{"line":30,"column":30}},"20":{"start":{"line":31,"column":4},"end":{"line":31,"column":18}},"21":{"start":{"line":32,"column":4},"end":{"line":32,"column":30}},"22":{"start":{"line":33,"column":4},"end":{"line":33,"column":24}},"23":{"start":{"line":34,"column":4},"end":{"line":36,"column":5}},"24":{"start":{"line":35,"column":6},"end":{"line":35,"column":42}},"25":{"start":{"line":37,"column":4},"end":{"line":37,"column":158}},"26":{"start":{"line":40,"column":2},"end":{"line":43,"column":4}},"27":{"start":{"line":41,"column":4},"end":{"line":41,"column":30}},"28":{"start":{"line":42,"column":4},"end":{"line":42,"column":47}},"29":{"start":{"line":45,"column":2},"end":{"line":45,"column":19}}},"branchMap":{"1":{"line":35,"type":"cond-expr","locations":[{"start":{"line":35,"column":33},"end":{"line":35,"column":36}},{"start":{"line":35,"column":39},"end":{"line":35,"column":42}}]},"2":{"line":37,"type":"cond-expr","locations":[{"start":{"line":37,"column":127},"end":{"line":37,"column":151}},{"start":{"line":37,"column":154},"end":{"line":37,"column":156}}]}},"code":["var MapSlicer = require('./MapSlicer')","var path = require('path')","","module.exports = function client (options) {","  var mapSlicer = new MapSlicer(options)","","  mapSlicer.on('start', function (files, options) {","    console.info('Starting to process ' + files + ' files.')","    console.info('Single Tile Size: ' + options.tileSize + 'x' + options.tileSize + 'px')","  })","","  mapSlicer.on('levels', function (levels) {","    for (var i = 0; i < levels.length; ++i) {","      var level = levels[i]","      console.info('Level #' + level.level + ': ' + level.size + 'x' + level.size + ', ' + level.width + 'x' + level.height)","    }","  })","","  mapSlicer.on('inputSize', function (width, height) {","    console.info('Input Size: ' + width + 'x' + height)","  })","","  mapSlicer.on('error', function (err) {","    process.stdout.write('\\n')","    console.error(err)","  })","","  mapSlicer.on('progress', function (progress, total, current, file) {","    process.stdout.clearLine()","    process.stdout.cursorTo(0)","    var parts = 20","    var result = 'Progress: ['","    var step = 1 / parts","    for (var i = 1 / parts; i < 1; i += step) {","      result += (i < progress) ? '#' : ' '","    }","    process.stdout.write(result + '] ' + Math.round(progress * 100) + '%  - Image ' + current + ' of ' + total + ' ' + (file ? path.relative('.', file) : ''))","  })","","  mapSlicer.on('end', function () {","    process.stdout.write('\\n')","    console.info('Finished processing slices.')","  })","","  mapSlicer.start()","}",""],"l":{"1":1,"2":1,"4":1,"5":0,"7":0,"8":0,"9":0,"12":0,"13":0,"14":0,"15":0,"19":0,"20":0,"23":0,"24":0,"25":0,"28":0,"29":0,"30":0,"31":0,"32":0,"33":0,"34":0,"35":0,"37":0,"40":0,"41":0,"42":0,"45":0}}}